{"/Users/plinio/node/bootcamp5/Meetapp/frontend/src/App.js": {"path":"/Users/plinio/node/bootcamp5/Meetapp/frontend/src/App.js","statementMap":{"0":{"start":{"line":1,"column":0},"end":{"line":null,"column":-1}},"1":{"start":{"line":2,"column":0},"end":{"line":null,"column":-1}},"2":{"start":{"line":3,"column":0},"end":{"line":null,"column":-1}},"3":{"start":{"line":4,"column":0},"end":{"line":null,"column":-1}},"4":{"start":{"line":5,"column":0},"end":{"line":null,"column":-1}},"5":{"start":{"line":6,"column":0},"end":{"line":null,"column":-1}},"6":{"start":{"line":7,"column":0},"end":{"line":null,"column":-1}},"7":{"start":{"line":8,"column":0},"end":{"line":null,"column":-1}},"8":{"start":{"line":9,"column":0},"end":{"line":null,"column":-1}},"9":{"start":{"line":10,"column":0},"end":{"line":null,"column":-1}},"10":{"start":{"line":12,"column":12},"end":{"line":12,"column":0}},"11":{"start":{"line":13,"column":2},"end":{"line":12,"column":0}}},"fnMap":{"0":{"name":"(anonymous_0)","decl":{"start":{"line":12,"column":12},"end":{"line":13,"column":1}},"loc":{"start":{"line":13,"column":2},"end":{"line":12,"column":0}}}},"branchMap":{},"s":{"0":0,"1":0,"2":0,"3":0,"4":0,"5":0,"6":0,"7":0,"8":0,"9":0,"10":0,"11":0},"f":{"0":0},"b":{}}
,"/Users/plinio/node/bootcamp5/Meetapp/frontend/src/index.js": {"path":"/Users/plinio/node/bootcamp5/Meetapp/frontend/src/index.js","statementMap":{"0":{"start":{"line":1,"column":0},"end":{"line":null,"column":-1}},"1":{"start":{"line":2,"column":0},"end":{"line":null,"column":-1}},"2":{"start":{"line":3,"column":0},"end":{"line":null,"column":-1}},"3":{"start":{"line":5,"column":0},"end":{"line":null,"column":-1}}},"fnMap":{},"branchMap":{},"s":{"0":0,"1":0,"2":0,"3":0},"f":{},"b":{}}
,"/Users/plinio/node/bootcamp5/Meetapp/frontend/src/setupTests.js": {"path":"/Users/plinio/node/bootcamp5/Meetapp/frontend/src/setupTests.js","statementMap":{"0":{"start":{"line":4,"column":0},"end":{"line":4,"column":44}}},"fnMap":{},"branchMap":{},"s":{"0":8},"f":{},"b":{},"_coverageSchema":"332fd63041d2c1bcb487cc26dd0d5f7d97098a6c","hash":"c6b8c61101a631d6c9f6b97a742bf5965391e7da"}
,"/Users/plinio/node/bootcamp5/Meetapp/frontend/src/components/Header/index.js": {"path":"/Users/plinio/node/bootcamp5/Meetapp/frontend/src/components/Header/index.js","statementMap":{"0":{"start":{"line":8,"column":15},"end":{"line":32,"column":1}},"1":{"start":{"line":9,"column":2},"end":{"line":31,"column":14}},"2":{"start":{"line":25,"column":31},"end":{"line":25,"column":39}}},"fnMap":{"0":{"name":"(anonymous_0)","decl":{"start":{"line":8,"column":15},"end":{"line":8,"column":16}},"loc":{"start":{"line":9,"column":2},"end":{"line":31,"column":14}},"line":9},"1":{"name":"(anonymous_1)","decl":{"start":{"line":25,"column":25},"end":{"line":25,"column":26}},"loc":{"start":{"line":25,"column":31},"end":{"line":25,"column":39}},"line":25}},"branchMap":{},"s":{"0":1,"1":3,"2":0},"f":{"0":3,"1":0},"b":{},"_coverageSchema":"332fd63041d2c1bcb487cc26dd0d5f7d97098a6c","hash":"e8bc521540e79c3be0ce3b8b0c6d8f146bc9c3bf"}
,"/Users/plinio/node/bootcamp5/Meetapp/frontend/src/components/Header/styles.js": {"path":"/Users/plinio/node/bootcamp5/Meetapp/frontend/src/components/Header/styles.js","statementMap":{"0":{"start":{"line":5,"column":25},"end":{"line":23,"column":1}},"1":{"start":{"line":25,"column":20},"end":{"line":41,"column":1}},"2":{"start":{"line":42,"column":27},"end":{"line":84,"column":1}}},"fnMap":{},"branchMap":{},"s":{"0":1,"1":1,"2":1},"f":{},"b":{},"_coverageSchema":"332fd63041d2c1bcb487cc26dd0d5f7d97098a6c","hash":"37841b330d440a7123adfd43e8805de81908faab"}
,"/Users/plinio/node/bootcamp5/Meetapp/frontend/src/components/MeetupList/index.js": {"path":"/Users/plinio/node/bootcamp5/Meetapp/frontend/src/components/MeetupList/index.js","statementMap":{"0":{"start":{"line":37,"column":42},"end":{"line":37,"column":68}},"1":{"start":{"line":40,"column":21},"end":{"line":40,"column":29}},"2":{"start":{"line":42,"column":25},"end":{"line":42,"column":27}},"3":{"start":{"line":43,"column":4},"end":{"line":54,"column":6}},"4":{"start":{"line":46,"column":10},"end":{"line":46,"column":16}},"5":{"start":{"line":48,"column":6},"end":{"line":53,"column":8}},"6":{"start":{"line":56,"column":4},"end":{"line":56,"column":35}},"7":{"start":{"line":60,"column":29},"end":{"line":60,"column":39}},"8":{"start":{"line":61,"column":44},"end":{"line":61,"column":54}},"9":{"start":{"line":62,"column":31},"end":{"line":62,"column":35}},"10":{"start":{"line":64,"column":4},"end":{"line":127,"column":5}},"11":{"start":{"line":68,"column":12},"end":{"line":75,"column":18}},"12":{"start":{"line":83,"column":27},"end":{"line":86,"column":14}},"13":{"start":{"line":94,"column":27},"end":{"line":97,"column":14}},"14":{"start":{"line":106,"column":27},"end":{"line":109,"column":14}},"15":{"start":{"line":117,"column":27},"end":{"line":120,"column":14}}},"fnMap":{"0":{"name":"(anonymous_0)","decl":{"start":{"line":37,"column":30},"end":{"line":37,"column":31}},"loc":{"start":{"line":37,"column":42},"end":{"line":37,"column":68}},"line":37},"1":{"name":"(anonymous_1)","decl":{"start":{"line":39,"column":16},"end":{"line":39,"column":17}},"loc":{"start":{"line":39,"column":30},"end":{"line":57,"column":3}},"line":39},"2":{"name":"(anonymous_2)","decl":{"start":{"line":43,"column":18},"end":{"line":43,"column":19}},"loc":{"start":{"line":43,"column":30},"end":{"line":54,"column":5}},"line":43},"3":{"name":"(anonymous_3)","decl":{"start":{"line":59,"column":2},"end":{"line":59,"column":3}},"loc":{"start":{"line":59,"column":11},"end":{"line":128,"column":3}},"line":59},"4":{"name":"(anonymous_4)","decl":{"start":{"line":67,"column":28},"end":{"line":67,"column":29}},"loc":{"start":{"line":68,"column":12},"end":{"line":75,"column":18}},"line":68},"5":{"name":"(anonymous_5)","decl":{"start":{"line":83,"column":21},"end":{"line":83,"column":22}},"loc":{"start":{"line":83,"column":27},"end":{"line":86,"column":14}},"line":83},"6":{"name":"(anonymous_6)","decl":{"start":{"line":94,"column":21},"end":{"line":94,"column":22}},"loc":{"start":{"line":94,"column":27},"end":{"line":97,"column":14}},"line":94},"7":{"name":"(anonymous_7)","decl":{"start":{"line":106,"column":21},"end":{"line":106,"column":22}},"loc":{"start":{"line":106,"column":27},"end":{"line":109,"column":14}},"line":106},"8":{"name":"(anonymous_8)","decl":{"start":{"line":117,"column":21},"end":{"line":117,"column":22}},"loc":{"start":{"line":117,"column":27},"end":{"line":120,"column":14}},"line":117}},"branchMap":{"0":{"loc":{"start":{"line":52,"column":17},"end":{"line":52,"column":33}},"type":"binary-expr","locations":[{"start":{"line":52,"column":17},"end":{"line":52,"column":21}},{"start":{"line":52,"column":25},"end":{"line":52,"column":33}}],"line":52},"1":{"loc":{"start":{"line":77,"column":11},"end":{"line":77,"column":53}},"type":"binary-expr","locations":[{"start":{"line":77,"column":11},"end":{"line":77,"column":36}},{"start":{"line":77,"column":40},"end":{"line":77,"column":53}}],"line":77}},"s":{"0":3,"1":3,"2":3,"3":3,"4":0,"5":0,"6":3,"7":9,"8":9,"9":9,"10":9,"11":0,"12":0,"13":0,"14":0,"15":0},"f":{"0":3,"1":3,"2":0,"3":9,"4":0,"5":0,"6":0,"7":0,"8":0},"b":{"0":[0,0],"1":[9,0]},"_coverageSchema":"332fd63041d2c1bcb487cc26dd0d5f7d97098a6c","hash":"4d33521ac661688690f7765c6baf35820cd72986"}
,"/Users/plinio/node/bootcamp5/Meetapp/frontend/src/components/MeetupList/styles.js": {"path":"/Users/plinio/node/bootcamp5/Meetapp/frontend/src/components/MeetupList/styles.js","statementMap":{"0":{"start":{"line":5,"column":25},"end":{"line":11,"column":1}},"1":{"start":{"line":13,"column":23},"end":{"line":21,"column":1}},"2":{"start":{"line":22,"column":32},"end":{"line":43,"column":1}},"3":{"start":{"line":45,"column":20},"end":{"line":48,"column":1}},"4":{"start":{"line":49,"column":25},"end":{"line":54,"column":1}}},"fnMap":{},"branchMap":{},"s":{"0":1,"1":1,"2":1,"3":1,"4":1},"f":{},"b":{},"_coverageSchema":"332fd63041d2c1bcb487cc26dd0d5f7d97098a6c","hash":"30be9f5415037d9283239db22d78d4acdea0e5ff"}
,"/Users/plinio/node/bootcamp5/Meetapp/frontend/src/components/MeetupList/MeetupCard/index.js": {"path":"/Users/plinio/node/bootcamp5/Meetapp/frontend/src/components/MeetupList/MeetupCard/index.js","statementMap":{"0":{"start":{"line":22,"column":4},"end":{"line":22,"column":48}},"1":{"start":{"line":22,"column":26},"end":{"line":22,"column":48}},"2":{"start":{"line":23,"column":4},"end":{"line":23,"column":43}},"3":{"start":{"line":23,"column":26},"end":{"line":23,"column":43}},"4":{"start":{"line":24,"column":4},"end":{"line":24,"column":34}},"5":{"start":{"line":30,"column":8},"end":{"line":30,"column":18}},"6":{"start":{"line":32,"column":19},"end":{"line":32,"column":40}},"7":{"start":{"line":33,"column":4},"end":{"line":50,"column":5}}},"fnMap":{"0":{"name":"(anonymous_0)","decl":{"start":{"line":21,"column":21},"end":{"line":21,"column":22}},"loc":{"start":{"line":21,"column":37},"end":{"line":25,"column":3}},"line":21},"1":{"name":"(anonymous_1)","decl":{"start":{"line":27,"column":2},"end":{"line":27,"column":3}},"loc":{"start":{"line":27,"column":11},"end":{"line":51,"column":3}},"line":27}},"branchMap":{"0":{"loc":{"start":{"line":22,"column":4},"end":{"line":22,"column":48}},"type":"if","locations":[{"start":{"line":22,"column":4},"end":{"line":22,"column":48}},{"start":{"line":22,"column":4},"end":{"line":22,"column":48}}],"line":22},"1":{"loc":{"start":{"line":23,"column":4},"end":{"line":23,"column":43}},"type":"if","locations":[{"start":{"line":23,"column":4},"end":{"line":23,"column":43}},{"start":{"line":23,"column":4},"end":{"line":23,"column":43}}],"line":23}},"s":{"0":0,"1":0,"2":0,"3":0,"4":0,"5":0,"6":0,"7":0},"f":{"0":0,"1":0},"b":{"0":[0,0],"1":[0,0]},"_coverageSchema":"332fd63041d2c1bcb487cc26dd0d5f7d97098a6c","hash":"73ad5523e4f935c39d7b5e8059db2c618f610536"}
,"/Users/plinio/node/bootcamp5/Meetapp/frontend/src/components/MeetupList/MeetupCard/styles.js": {"path":"/Users/plinio/node/bootcamp5/Meetapp/frontend/src/components/MeetupList/MeetupCard/styles.js","statementMap":{"0":{"start":{"line":5,"column":25},"end":{"line":18,"column":1}},"1":{"start":{"line":20,"column":23},"end":{"line":37,"column":1}},"2":{"start":{"line":39,"column":21},"end":{"line":43,"column":1}},"3":{"start":{"line":45,"column":27},"end":{"line":48,"column":1}}},"fnMap":{},"branchMap":{},"s":{"0":1,"1":1,"2":1,"3":1},"f":{},"b":{},"_coverageSchema":"332fd63041d2c1bcb487cc26dd0d5f7d97098a6c","hash":"ae0630d3f206df9a6e761e8423b579670102f75e"}
,"/Users/plinio/node/bootcamp5/Meetapp/frontend/src/components/PreferencesList/index.js": {"path":"/Users/plinio/node/bootcamp5/Meetapp/frontend/src/components/PreferencesList/index.js","statementMap":{"0":{"start":{"line":1,"column":0},"end":{"line":null,"column":-1}},"1":{"start":{"line":2,"column":0},"end":{"line":null,"column":-1}},"2":{"start":{"line":3,"column":0},"end":{"line":null,"column":-1}},"3":{"start":{"line":4,"column":0},"end":{"line":null,"column":-1}},"4":{"start":{"line":5,"column":0},"end":{"line":null,"column":-1}},"5":{"start":{"line":6,"column":0},"end":{"line":null,"column":-1}},"6":{"start":{"line":8,"column":0},"end":{"line":null,"column":-1}},"7":{"start":{"line":23,"column":4},"end":{"line":null,"column":-1}},"8":{"start":{"line":22,"column":21},"end":{"line":null,"column":-1}},"9":{"start":{"line":31,"column":21},"end":{"line":30,"column":34}},"10":{"start":{"line":30,"column":34},"end":{"line":30,"column":33}},"11":{"start":{"line":32,"column":4},"end":{"line":null,"column":-1}},"12":{"start":{"line":36,"column":4},"end":{"line":null,"column":-1}},"13":{"start":{"line":40,"column":32},"end":{"line":39,"column":39}},"14":{"start":{"line":41,"column":28},"end":{"line":39,"column":39}},"15":{"start":{"line":43,"column":31},"end":{"line":43,"column":4}},"16":{"start":{"line":44,"column":20},"end":{"line":44,"column":4}},"17":{"start":{"line":46,"column":4},"end":{"line":null,"column":-1}},"18":{"start":{"line":47,"column":6},"end":{"line":null,"column":-1}},"19":{"start":{"line":48,"column":18},"end":{"line":48,"column":6}},"20":{"start":{"line":48,"column":49},"end":{"line":48,"column":18}},"21":{"start":{"line":49,"column":6},"end":{"line":49,"column":20}},"22":{"start":{"line":49,"column":20},"end":{"line":null,"column":-1}},"23":{"start":{"line":50,"column":6},"end":{"line":null,"column":-1}},"24":{"start":{"line":53,"column":4},"end":{"line":null,"column":-1}},"25":{"start":{"line":57,"column":40},"end":{"line":56,"column":24}},"26":{"start":{"line":58,"column":28},"end":{"line":56,"column":24}},"27":{"start":{"line":59,"column":18},"end":{"line":59,"column":4}},"28":{"start":{"line":59,"column":45},"end":{"line":59,"column":18}},"29":{"start":{"line":60,"column":4},"end":{"line":null,"column":-1}},"30":{"start":{"line":61,"column":4},"end":{"line":null,"column":-1}},"31":{"start":{"line":62,"column":4},"end":{"line":null,"column":-1}},"32":{"start":{"line":66,"column":28},"end":{"line":65,"column":31}},"33":{"start":{"line":67,"column":27},"end":{"line":65,"column":31}},"34":{"start":{"line":68,"column":40},"end":{"line":65,"column":31}},"35":{"start":{"line":70,"column":4},"end":{"line":null,"column":-1}},"36":{"start":{"line":71,"column":4},"end":{"line":73,"column":5}},"37":{"start":{"line":72,"column":6},"end":{"line":null,"column":-1}},"38":{"start":{"line":74,"column":4},"end":{"line":null,"column":-1}},"39":{"start":{"line":75,"column":4},"end":{"line":null,"column":-1}},"40":{"start":{"line":24,"column":4},"end":{"line":null,"column":-1}},"41":{"start":{"line":79,"column":42},"end":{"line":78,"column":11}},"42":{"start":{"line":78,"column":11},"end":{"line":78,"column":10}},"43":{"start":{"line":80,"column":25},"end":{"line":80,"column":4}},"44":{"start":{"line":81,"column":4},"end":{"line":null,"column":-1}},"45":{"start":{"line":93,"column":30},"end":{"line":93,"column":12}},"46":{"start":{"line":94,"column":12},"end":{"line":null,"column":-1}},"47":{"start":{"line":97,"column":34},"end":{"line":96,"column":16}},"48":{"start":{"line":111,"column":24},"end":{"line":111,"column":0}},"49":{"start":{"line":111,"column":31},"end":{"line":111,"column":24}},"50":{"start":{"line":113,"column":27},"end":{"line":113,"column":0}},"51":{"start":{"line":113,"column":39},"end":{"line":113,"column":0}}},"fnMap":{"0":{"name":"(anonymous_0)","decl":{"start":{"line":22,"column":2},"end":{"line":22,"column":12}},"loc":{"start":{"line":22,"column":21},"end":{"line":28,"column":3}}},"1":{"name":"(anonymous_1)","decl":{"start":{"line":30,"column":22},"end":{"line":30,"column":33}},"loc":{"start":{"line":30,"column":34},"end":{"line":22,"column":21}}},"2":{"name":"(anonymous_2)","decl":{"start":{"line":35,"column":31},"end":{"line":35,"column":29}},"loc":{"start":{"line":35,"column":44},"end":{"line":22,"column":21}}},"3":{"name":"(anonymous_3)","decl":{"start":{"line":39,"column":26},"end":{"line":39,"column":24}},"loc":{"start":{"line":39,"column":39},"end":{"line":22,"column":21}}},"4":{"name":"(anonymous_4)","decl":{"start":{"line":46,"column":25},"end":{"line":46,"column":23}},"loc":{"start":{"line":46,"column":34},"end":{"line":46,"column":4}}},"5":{"name":"(anonymous_5)","decl":{"start":{"line":48,"column":44},"end":{"line":48,"column":45}},"loc":{"start":{"line":48,"column":49},"end":{"line":48,"column":18}}},"6":{"name":"(anonymous_6)","decl":{"start":{"line":56,"column":17},"end":{"line":56,"column":15}},"loc":{"start":{"line":56,"column":24},"end":{"line":22,"column":21}}},"7":{"name":"(anonymous_7)","decl":{"start":{"line":59,"column":40},"end":{"line":59,"column":41}},"loc":{"start":{"line":59,"column":45},"end":{"line":59,"column":18}}},"8":{"name":"(anonymous_8)","decl":{"start":{"line":65,"column":19},"end":{"line":65,"column":30}},"loc":{"start":{"line":65,"column":31},"end":{"line":22,"column":21}}},"9":{"name":"(anonymous_9)","decl":{"start":{"line":78,"column":2},"end":{"line":78,"column":7}},"loc":{"start":{"line":78,"column":11},"end":{"line":108,"column":3}}},"10":{"name":"(anonymous_10)","decl":{"start":{"line":92,"column":28},"end":{"line":92,"column":26}},"loc":{"start":{"line":92,"column":37},"end":{"line":92,"column":11}}},"11":{"name":"(anonymous_11)","decl":{"start":{"line":97,"column":28},"end":{"line":97,"column":33}},"loc":{"start":{"line":97,"column":34},"end":{"line":96,"column":16}}},"12":{"name":"(anonymous_12)","decl":{"start":{"line":111,"column":24},"end":{"line":111,"column":30}},"loc":{"start":{"line":111,"column":31},"end":{"line":111,"column":24}}},"13":{"name":"(anonymous_13)","decl":{"start":{"line":113,"column":27},"end":{"line":113,"column":34}},"loc":{"start":{"line":113,"column":39},"end":{"line":113,"column":0}}}},"branchMap":{"0":{"loc":{"start":{"line":49,"column":6},"end":{"line":49,"column":20}},"type":"if","locations":[{"start":{"line":49,"column":6},"end":{"line":49,"column":20}},{"start":{"line":49,"column":6},"end":{"line":49,"column":20}}]},"1":{"loc":{"start":{"line":93,"column":58},"end":{"line":93,"column":41}},"type":"cond-expr","locations":[{"start":{"line":93,"column":58},"end":{"line":93,"column":41}},{"start":{"line":93,"column":75},"end":{"line":null,"column":-1}}]}},"s":{"0":0,"1":0,"2":0,"3":0,"4":0,"5":0,"6":0,"7":0,"8":0,"9":0,"10":0,"11":0,"12":0,"13":0,"14":0,"15":0,"16":0,"17":0,"18":0,"19":0,"20":0,"21":0,"22":0,"23":0,"24":0,"25":0,"26":0,"27":0,"28":0,"29":0,"30":0,"31":0,"32":0,"33":0,"34":0,"35":0,"36":0,"37":0,"38":0,"39":0,"40":0,"41":0,"42":0,"43":0,"44":0,"45":0,"46":0,"47":0,"48":0,"49":0,"50":0,"51":0},"f":{"0":0,"1":0,"2":0,"3":0,"4":0,"5":0,"6":0,"7":0,"8":0,"9":0,"10":0,"11":0,"12":0,"13":0},"b":{"0":[0,0],"1":[0,0]}}
,"/Users/plinio/node/bootcamp5/Meetapp/frontend/src/components/PreferencesList/styles.js": {"path":"/Users/plinio/node/bootcamp5/Meetapp/frontend/src/components/PreferencesList/styles.js","statementMap":{"0":{"start":{"line":1,"column":0},"end":{"line":null,"column":-1}},"1":{"start":{"line":3,"column":0},"end":{"line":null,"column":-1}},"2":{"start":{"line":5,"column":25},"end":{"line":5,"column":7}},"3":{"start":{"line":30,"column":24},"end":{"line":30,"column":7}}},"fnMap":{},"branchMap":{},"s":{"0":0,"1":0,"2":0,"3":0},"f":{},"b":{}}
,"/Users/plinio/node/bootcamp5/Meetapp/frontend/src/components/Upload/index.js": {"path":"/Users/plinio/node/bootcamp5/Meetapp/frontend/src/components/Upload/index.js","statementMap":{"0":{"start":{"line":1,"column":0},"end":{"line":null,"column":-1}},"1":{"start":{"line":2,"column":0},"end":{"line":null,"column":-1}},"2":{"start":{"line":3,"column":0},"end":{"line":null,"column":-1}},"3":{"start":{"line":5,"column":0},"end":{"line":null,"column":-1}},"4":{"start":{"line":7,"column":46},"end":{"line":null,"column":-1}},"5":{"start":{"line":23,"column":4},"end":{"line":null,"column":-1}},"6":{"start":{"line":24,"column":33},"end":{"line":22,"column":23}},"7":{"start":{"line":25,"column":17},"end":{"line":25,"column":4}},"8":{"start":{"line":26,"column":21},"end":{"line":26,"column":4}},"9":{"start":{"line":27,"column":4},"end":{"line":null,"column":-1}},"10":{"start":{"line":28,"column":19},"end":{"line":28,"column":4}},"11":{"start":{"line":31,"column":4},"end":{"line":42,"column":5}},"12":{"start":{"line":32,"column":23},"end":{"line":31,"column":8}},"13":{"start":{"line":31,"column":8},"end":{"line":31,"column":7}},"14":{"start":{"line":33,"column":6},"end":{"line":null,"column":-1}},"15":{"start":{"line":37,"column":6},"end":{"line":null,"column":-1}},"16":{"start":{"line":39,"column":6},"end":{"line":null,"column":-1}},"17":{"start":{"line":41,"column":6},"end":{"line":null,"column":-1}},"18":{"start":{"line":46,"column":4},"end":{"line":null,"column":-1}},"19":{"start":{"line":47,"column":4},"end":{"line":null,"column":-1}},"20":{"start":{"line":53,"column":24},"end":{"line":52,"column":11}},"21":{"start":{"line":54,"column":31},"end":{"line":52,"column":11}},"22":{"start":{"line":52,"column":11},"end":{"line":52,"column":10}},"23":{"start":{"line":55,"column":20},"end":{"line":55,"column":4}},"24":{"start":{"line":56,"column":4},"end":{"line":56,"column":17}},"25":{"start":{"line":56,"column":17},"end":{"line":null,"column":-1}},"26":{"start":{"line":58,"column":4},"end":{"line":null,"column":-1}},"27":{"start":{"line":69,"column":14},"end":{"line":null,"column":-1}}},"fnMap":{"0":{"name":"(anonymous_0)","decl":{"start":{"line":7,"column":46},"end":{"line":null,"column":-1}},"loc":{"start":{"line":7,"column":46},"end":{"line":null,"column":-1}}},"1":{"name":"(anonymous_1)","decl":{"start":{"line":22,"column":11},"end":{"line":22,"column":22}},"loc":{"start":{"line":22,"column":23},"end":{"line":7,"column":46}}},"2":{"name":"(anonymous_2)","decl":{"start":{"line":45,"column":22},"end":{"line":45,"column":33}},"loc":{"start":{"line":45,"column":34},"end":{"line":7,"column":46}}},"3":{"name":"(anonymous_3)","decl":{"start":{"line":52,"column":2},"end":{"line":52,"column":7}},"loc":{"start":{"line":52,"column":11},"end":{"line":75,"column":3}}},"4":{"name":"(anonymous_4)","decl":{"start":{"line":68,"column":18},"end":{"line":68,"column":16}},"loc":{"start":{"line":68,"column":28},"end":{"line":64,"column":10}}}},"branchMap":{"0":{"loc":{"start":{"line":56,"column":4},"end":{"line":56,"column":17}},"type":"if","locations":[{"start":{"line":56,"column":4},"end":{"line":56,"column":17}},{"start":{"line":56,"column":4},"end":{"line":56,"column":17}}]},"1":{"loc":{"start":{"line":60,"column":9},"end":{"line":60,"column":8}},"type":"binary-expr","locations":[{"start":{"line":60,"column":9},"end":{"line":60,"column":8}},{"start":{"line":60,"column":27},"end":{"line":59,"column":6}}]},"2":{"loc":{"start":{"line":63,"column":21},"end":{"line":63,"column":18}},"type":"cond-expr","locations":[{"start":{"line":63,"column":21},"end":{"line":63,"column":18}},{"start":{"line":63,"column":64},"end":{"line":62,"column":8}}]}},"s":{"0":0,"1":0,"2":0,"3":0,"4":0,"5":0,"6":0,"7":0,"8":0,"9":0,"10":0,"11":0,"12":0,"13":0,"14":0,"15":0,"16":0,"17":0,"18":0,"19":0,"20":0,"21":0,"22":0,"23":0,"24":0,"25":0,"26":0,"27":0},"f":{"0":0,"1":0,"2":0,"3":0,"4":0},"b":{"0":[0,0],"1":[0,0],"2":[0,0]}}
,"/Users/plinio/node/bootcamp5/Meetapp/frontend/src/components/Upload/styles.js": {"path":"/Users/plinio/node/bootcamp5/Meetapp/frontend/src/components/Upload/styles.js","statementMap":{"0":{"start":{"line":1,"column":0},"end":{"line":null,"column":-1}},"1":{"start":{"line":3,"column":0},"end":{"line":null,"column":-1}},"2":{"start":{"line":5,"column":25},"end":{"line":5,"column":7}},"3":{"start":{"line":24,"column":19},"end":{"line":24,"column":7}},"4":{"start":{"line":34,"column":23},"end":{"line":36,"column":69}},"5":{"start":{"line":49,"column":20},"end":{"line":49,"column":7}}},"fnMap":{"0":{"name":"(anonymous_0)","decl":{"start":{"line":34,"column":13},"end":{"line":34,"column":17}},"loc":{"start":{"line":34,"column":23},"end":{"line":36,"column":69}}}},"branchMap":{"0":{"loc":{"start":{"line":35,"column":7},"end":{"line":34,"column":23}},"type":"cond-expr","locations":[{"start":{"line":35,"column":7},"end":{"line":34,"column":23}},{"start":{"line":36,"column":7},"end":{"line":36,"column":69}}]}},"s":{"0":0,"1":0,"2":0,"3":0,"4":0,"5":0},"f":{"0":0},"b":{"0":[0,0]}}
,"/Users/plinio/node/bootcamp5/Meetapp/frontend/src/components/UserInputs/index.js": {"path":"/Users/plinio/node/bootcamp5/Meetapp/frontend/src/components/UserInputs/index.js","statementMap":{"0":{"start":{"line":1,"column":0},"end":{"line":null,"column":-1}},"1":{"start":{"line":2,"column":0},"end":{"line":null,"column":-1}},"2":{"start":{"line":4,"column":0},"end":{"line":null,"column":-1}},"3":{"start":{"line":6,"column":19},"end":{"line":6,"column":0}},"4":{"start":{"line":7,"column":2},"end":{"line":6,"column":0}},"5":{"start":{"line":13,"column":23},"end":{"line":10,"column":6}},"6":{"start":{"line":22,"column":23},"end":{"line":19,"column":6}},"7":{"start":{"line":30,"column":21},"end":{"line":27,"column":4}},"8":{"start":{"line":38,"column":23},"end":{"line":35,"column":6}},"9":{"start":{"line":45,"column":0},"end":{"line":null,"column":-1}}},"fnMap":{"0":{"name":"(anonymous_0)","decl":{"start":{"line":6,"column":19},"end":{"line":6,"column":20}},"loc":{"start":{"line":7,"column":2},"end":{"line":6,"column":0}}},"1":{"name":"(anonymous_1)","decl":{"start":{"line":13,"column":18},"end":{"line":13,"column":19}},"loc":{"start":{"line":13,"column":23},"end":{"line":10,"column":6}}},"2":{"name":"(anonymous_2)","decl":{"start":{"line":22,"column":18},"end":{"line":22,"column":19}},"loc":{"start":{"line":22,"column":23},"end":{"line":19,"column":6}}},"3":{"name":"(anonymous_3)","decl":{"start":{"line":30,"column":16},"end":{"line":30,"column":17}},"loc":{"start":{"line":30,"column":21},"end":{"line":27,"column":4}}},"4":{"name":"(anonymous_4)","decl":{"start":{"line":38,"column":18},"end":{"line":38,"column":19}},"loc":{"start":{"line":38,"column":23},"end":{"line":35,"column":6}}}},"branchMap":{"0":{"loc":{"start":{"line":8,"column":5},"end":{"line":8,"column":4}},"type":"binary-expr","locations":[{"start":{"line":8,"column":5},"end":{"line":8,"column":4}},{"start":{"line":8,"column":29},"end":{"line":7,"column":2}}]},"1":{"loc":{"start":{"line":9,"column":5},"end":{"line":9,"column":4}},"type":"binary-expr","locations":[{"start":{"line":9,"column":5},"end":{"line":9,"column":4}},{"start":{"line":10,"column":6},"end":{"line":7,"column":2}}]},"2":{"loc":{"start":{"line":17,"column":5},"end":{"line":17,"column":4}},"type":"binary-expr","locations":[{"start":{"line":17,"column":5},"end":{"line":17,"column":4}},{"start":{"line":17,"column":30},"end":{"line":7,"column":2}}]},"3":{"loc":{"start":{"line":18,"column":5},"end":{"line":18,"column":4}},"type":"binary-expr","locations":[{"start":{"line":18,"column":5},"end":{"line":18,"column":4}},{"start":{"line":19,"column":6},"end":{"line":7,"column":2}}]},"4":{"loc":{"start":{"line":33,"column":5},"end":{"line":33,"column":4}},"type":"binary-expr","locations":[{"start":{"line":33,"column":5},"end":{"line":33,"column":4}},{"start":{"line":33,"column":29},"end":{"line":7,"column":2}}]},"5":{"loc":{"start":{"line":34,"column":5},"end":{"line":34,"column":4}},"type":"binary-expr","locations":[{"start":{"line":34,"column":5},"end":{"line":34,"column":4}},{"start":{"line":35,"column":6},"end":{"line":7,"column":2}}]}},"s":{"0":0,"1":0,"2":0,"3":0,"4":0,"5":0,"6":0,"7":0,"8":0,"9":0},"f":{"0":0,"1":0,"2":0,"3":0,"4":0},"b":{"0":[0,0],"1":[0,0],"2":[0,0],"3":[0,0],"4":[0,0],"5":[0,0]}}
,"/Users/plinio/node/bootcamp5/Meetapp/frontend/src/components/UserInputs/styles.js": {"path":"/Users/plinio/node/bootcamp5/Meetapp/frontend/src/components/UserInputs/styles.js","statementMap":{"0":{"start":{"line":1,"column":0},"end":{"line":null,"column":-1}},"1":{"start":{"line":3,"column":0},"end":{"line":null,"column":-1}},"2":{"start":{"line":5,"column":25},"end":{"line":5,"column":7}},"3":{"start":{"line":15,"column":20},"end":{"line":15,"column":7}},"4":{"start":{"line":21,"column":25},"end":{"line":21,"column":7}}},"fnMap":{},"branchMap":{},"s":{"0":0,"1":0,"2":0,"3":0,"4":0},"f":{},"b":{}}
,"/Users/plinio/node/bootcamp5/Meetapp/frontend/src/config/reactotron.js": {"path":"/Users/plinio/node/bootcamp5/Meetapp/frontend/src/config/reactotron.js","statementMap":{"0":{"start":{"line":1,"column":0},"end":{"line":null,"column":-1}},"1":{"start":{"line":2,"column":0},"end":{"line":null,"column":-1}},"2":{"start":{"line":3,"column":0},"end":{"line":null,"column":-1}},"3":{"start":{"line":5,"column":0},"end":{"line":14,"column":1}},"4":{"start":{"line":6,"column":15},"end":{"line":6,"column":2}},"5":{"start":{"line":11,"column":2},"end":{"line":null,"column":-1}},"6":{"start":{"line":13,"column":2},"end":{"line":null,"column":-1}}},"fnMap":{},"branchMap":{"0":{"loc":{"start":{"line":5,"column":0},"end":{"line":14,"column":1}},"type":"if","locations":[{"start":{"line":5,"column":0},"end":{"line":14,"column":1}},{"start":{"line":5,"column":0},"end":{"line":14,"column":1}}]}},"s":{"0":0,"1":0,"2":0,"3":0,"4":0,"5":0,"6":0},"f":{},"b":{"0":[0,0]}}
,"/Users/plinio/node/bootcamp5/Meetapp/frontend/src/pages/dashboard/index.js": {"path":"/Users/plinio/node/bootcamp5/Meetapp/frontend/src/pages/dashboard/index.js","statementMap":{"0":{"start":{"line":20,"column":4},"end":{"line":20,"column":48}},"1":{"start":{"line":24,"column":4},"end":{"line":24,"column":22}},"2":{"start":{"line":25,"column":4},"end":{"line":25,"column":48}},"3":{"start":{"line":29,"column":30},"end":{"line":29,"column":40}},"4":{"start":{"line":30,"column":22},"end":{"line":30,"column":32}},"5":{"start":{"line":31,"column":4},"end":{"line":35,"column":6}},"6":{"start":{"line":41,"column":8},"end":{"line":41,"column":18}},"7":{"start":{"line":43,"column":22},"end":{"line":43,"column":32}},"8":{"start":{"line":45,"column":6},"end":{"line":53,"column":18}},"9":{"start":{"line":51,"column":25},"end":{"line":51,"column":65}},"10":{"start":{"line":55,"column":4},"end":{"line":82,"column":5}},"11":{"start":{"line":85,"column":24},"end":{"line":89,"column":2}},"12":{"start":{"line":85,"column":34},"end":{"line":89,"column":1}},"13":{"start":{"line":90,"column":27},"end":{"line":90,"column":82}},"14":{"start":{"line":90,"column":39},"end":{"line":90,"column":82}}},"fnMap":{"0":{"name":"(anonymous_0)","decl":{"start":{"line":19,"column":22},"end":{"line":19,"column":23}},"loc":{"start":{"line":19,"column":28},"end":{"line":21,"column":3}},"line":19},"1":{"name":"(anonymous_1)","decl":{"start":{"line":23,"column":17},"end":{"line":23,"column":18}},"loc":{"start":{"line":23,"column":24},"end":{"line":26,"column":3}},"line":23},"2":{"name":"(anonymous_2)","decl":{"start":{"line":28,"column":17},"end":{"line":28,"column":18}},"loc":{"start":{"line":28,"column":38},"end":{"line":36,"column":3}},"line":28},"3":{"name":"(anonymous_3)","decl":{"start":{"line":38,"column":2},"end":{"line":38,"column":3}},"loc":{"start":{"line":38,"column":11},"end":{"line":83,"column":3}},"line":38},"4":{"name":"(anonymous_4)","decl":{"start":{"line":51,"column":20},"end":{"line":51,"column":21}},"loc":{"start":{"line":51,"column":25},"end":{"line":51,"column":65}},"line":51},"5":{"name":"(anonymous_5)","decl":{"start":{"line":85,"column":24},"end":{"line":85,"column":25}},"loc":{"start":{"line":85,"column":34},"end":{"line":89,"column":1}},"line":85},"6":{"name":"(anonymous_6)","decl":{"start":{"line":90,"column":27},"end":{"line":90,"column":28}},"loc":{"start":{"line":90,"column":39},"end":{"line":90,"column":82}},"line":90}},"branchMap":{"0":{"loc":{"start":{"line":58,"column":9},"end":{"line":58,"column":53}},"type":"binary-expr","locations":[{"start":{"line":58,"column":9},"end":{"line":58,"column":40}},{"start":{"line":58,"column":44},"end":{"line":58,"column":53}}],"line":58}},"s":{"0":2,"1":1,"2":1,"3":3,"4":3,"5":3,"6":3,"7":3,"8":3,"9":0,"10":3,"11":1,"12":2,"13":1,"14":2},"f":{"0":2,"1":1,"2":3,"3":3,"4":0,"5":2,"6":2},"b":{"0":[3,3]},"_coverageSchema":"332fd63041d2c1bcb487cc26dd0d5f7d97098a6c","hash":"81b03bb82395432ffde3774cb37a9d1e1058a772"}
,"/Users/plinio/node/bootcamp5/Meetapp/frontend/src/pages/dashboard/propTypes.js": {"path":"/Users/plinio/node/bootcamp5/Meetapp/frontend/src/pages/dashboard/propTypes.js","statementMap":{"0":{"start":{"line":3,"column":25},"end":{"line":61,"column":1}}},"fnMap":{},"branchMap":{},"s":{"0":1},"f":{},"b":{},"_coverageSchema":"332fd63041d2c1bcb487cc26dd0d5f7d97098a6c","hash":"a0946b9260a6ee91101d7ef095134abaec8ab2c9"}
,"/Users/plinio/node/bootcamp5/Meetapp/frontend/src/pages/dashboard/styles.js": {"path":"/Users/plinio/node/bootcamp5/Meetapp/frontend/src/pages/dashboard/styles.js","statementMap":{"0":{"start":{"line":5,"column":25},"end":{"line":22,"column":1}},"1":{"start":{"line":24,"column":25},"end":{"line":38,"column":1}},"2":{"start":{"line":40,"column":29},"end":{"line":50,"column":1}},"3":{"start":{"line":52,"column":27},"end":{"line":57,"column":1}}},"fnMap":{},"branchMap":{},"s":{"0":1,"1":1,"2":1,"3":1},"f":{},"b":{},"_coverageSchema":"332fd63041d2c1bcb487cc26dd0d5f7d97098a6c","hash":"495d8d63b1872c57adfb8100a2bcfb26bf7c5893"}
,"/Users/plinio/node/bootcamp5/Meetapp/frontend/src/pages/meetupDetail/index.js": {"path":"/Users/plinio/node/bootcamp5/Meetapp/frontend/src/pages/meetupDetail/index.js","statementMap":{"0":{"start":{"line":1,"column":0},"end":{"line":null,"column":-1}},"1":{"start":{"line":2,"column":0},"end":{"line":null,"column":-1}},"2":{"start":{"line":3,"column":0},"end":{"line":null,"column":-1}},"3":{"start":{"line":4,"column":0},"end":{"line":null,"column":-1}},"4":{"start":{"line":5,"column":0},"end":{"line":null,"column":-1}},"5":{"start":{"line":6,"column":0},"end":{"line":null,"column":-1}},"6":{"start":{"line":7,"column":0},"end":{"line":null,"column":-1}},"7":{"start":{"line":8,"column":0},"end":{"line":null,"column":-1}},"8":{"start":{"line":10,"column":0},"end":{"line":null,"column":-1}},"9":{"start":{"line":20,"column":37},"end":{"line":null,"column":-1}},"10":{"start":{"line":45,"column":40},"end":{"line":44,"column":34}},"11":{"start":{"line":44,"column":34},"end":{"line":44,"column":33}},"12":{"start":{"line":46,"column":19},"end":{"line":44,"column":34}},"13":{"start":{"line":47,"column":4},"end":{"line":null,"column":-1}},"14":{"start":{"line":51,"column":4},"end":{"line":51,"column":26}},"15":{"start":{"line":51,"column":26},"end":{"line":null,"column":-1}},"16":{"start":{"line":52,"column":4},"end":{"line":52,"column":26}},"17":{"start":{"line":52,"column":26},"end":{"line":null,"column":-1}},"18":{"start":{"line":53,"column":4},"end":{"line":null,"column":-1}},"19":{"start":{"line":57,"column":37},"end":{"line":56,"column":21}},"20":{"start":{"line":56,"column":21},"end":{"line":56,"column":20}},"21":{"start":{"line":58,"column":4},"end":{"line":58,"column":23}},"22":{"start":{"line":58,"column":23},"end":{"line":null,"column":-1}},"23":{"start":{"line":59,"column":18},"end":{"line":59,"column":4}},"24":{"start":{"line":59,"column":49},"end":{"line":59,"column":18}},"25":{"start":{"line":60,"column":4},"end":{"line":60,"column":20}},"26":{"start":{"line":60,"column":20},"end":{"line":null,"column":-1}},"27":{"start":{"line":61,"column":4},"end":{"line":null,"column":-1}},"28":{"start":{"line":71,"column":8},"end":{"line":64,"column":11}},"29":{"start":{"line":64,"column":11},"end":{"line":64,"column":10}},"30":{"start":{"line":75,"column":8},"end":{"line":64,"column":11}},"31":{"start":{"line":76,"column":20},"end":{"line":76,"column":4}},"32":{"start":{"line":77,"column":23},"end":{"line":77,"column":4}},"33":{"start":{"line":78,"column":24},"end":{"line":78,"column":4}},"34":{"start":{"line":81,"column":4},"end":{"line":null,"column":-1}},"35":{"start":{"line":82,"column":4},"end":{"line":null,"column":-1}},"36":{"start":{"line":96,"column":35},"end":{"line":96,"column":12}},"37":{"start":{"line":106,"column":24},"end":{"line":106,"column":0}},"38":{"start":{"line":106,"column":34},"end":{"line":106,"column":29}},"39":{"start":{"line":113,"column":27},"end":{"line":113,"column":0}},"40":{"start":{"line":113,"column":39},"end":{"line":113,"column":0}}},"fnMap":{"0":{"name":"(anonymous_0)","decl":{"start":{"line":20,"column":37},"end":{"line":null,"column":-1}},"loc":{"start":{"line":20,"column":37},"end":{"line":null,"column":-1}}},"1":{"name":"(anonymous_1)","decl":{"start":{"line":44,"column":22},"end":{"line":44,"column":33}},"loc":{"start":{"line":44,"column":34},"end":{"line":20,"column":37}}},"2":{"name":"(anonymous_2)","decl":{"start":{"line":50,"column":22},"end":{"line":50,"column":20}},"loc":{"start":{"line":50,"column":37},"end":{"line":20,"column":37}}},"3":{"name":"(anonymous_3)","decl":{"start":{"line":56,"column":15},"end":{"line":56,"column":20}},"loc":{"start":{"line":56,"column":21},"end":{"line":20,"column":37}}},"4":{"name":"(anonymous_4)","decl":{"start":{"line":59,"column":41},"end":{"line":59,"column":44}},"loc":{"start":{"line":59,"column":49},"end":{"line":59,"column":18}}},"5":{"name":"(anonymous_5)","decl":{"start":{"line":64,"column":2},"end":{"line":64,"column":7}},"loc":{"start":{"line":64,"column":11},"end":{"line":103,"column":3}}},"6":{"name":"(anonymous_6)","decl":{"start":{"line":96,"column":29},"end":{"line":96,"column":34}},"loc":{"start":{"line":96,"column":35},"end":{"line":96,"column":12}}},"7":{"name":"(anonymous_7)","decl":{"start":{"line":106,"column":24},"end":{"line":106,"column":28}},"loc":{"start":{"line":106,"column":34},"end":{"line":106,"column":29}}},"8":{"name":"(anonymous_8)","decl":{"start":{"line":113,"column":27},"end":{"line":113,"column":34}},"loc":{"start":{"line":113,"column":39},"end":{"line":113,"column":0}}}},"branchMap":{"0":{"loc":{"start":{"line":51,"column":4},"end":{"line":51,"column":26}},"type":"if","locations":[{"start":{"line":51,"column":4},"end":{"line":51,"column":26}},{"start":{"line":51,"column":4},"end":{"line":51,"column":26}}]},"1":{"loc":{"start":{"line":52,"column":4},"end":{"line":52,"column":26}},"type":"if","locations":[{"start":{"line":52,"column":4},"end":{"line":52,"column":26}},{"start":{"line":52,"column":4},"end":{"line":52,"column":26}}]},"2":{"loc":{"start":{"line":58,"column":4},"end":{"line":58,"column":23}},"type":"if","locations":[{"start":{"line":58,"column":4},"end":{"line":58,"column":23}},{"start":{"line":58,"column":4},"end":{"line":58,"column":23}}]},"3":{"loc":{"start":{"line":60,"column":4},"end":{"line":60,"column":20}},"type":"if","locations":[{"start":{"line":60,"column":4},"end":{"line":60,"column":20}},{"start":{"line":60,"column":4},"end":{"line":60,"column":20}}]},"4":{"loc":{"start":{"line":76,"column":20},"end":{"line":76,"column":19}},"type":"binary-expr","locations":[{"start":{"line":76,"column":20},"end":{"line":76,"column":19}},{"start":{"line":76,"column":35},"end":{"line":76,"column":4}}]},"5":{"loc":{"start":{"line":77,"column":23},"end":{"line":77,"column":28}},"type":"binary-expr","locations":[{"start":{"line":77,"column":23},"end":{"line":77,"column":28}},{"start":{"line":77,"column":32},"end":{"line":77,"column":4}}]},"6":{"loc":{"start":{"line":79,"column":8},"end":{"line":78,"column":24}},"type":"cond-expr","locations":[{"start":{"line":79,"column":8},"end":{"line":78,"column":24}},{"start":{"line":80,"column":8},"end":{"line":78,"column":4}}]},"7":{"loc":{"start":{"line":86,"column":11},"end":{"line":86,"column":16}},"type":"binary-expr","locations":[{"start":{"line":86,"column":11},"end":{"line":86,"column":16}},{"start":{"line":86,"column":20},"end":{"line":85,"column":8}}]},"8":{"loc":{"start":{"line":97,"column":25},"end":{"line":97,"column":22}},"type":"cond-expr","locations":[{"start":{"line":97,"column":25},"end":{"line":97,"column":22}},{"start":{"line":97,"column":68},"end":{"line":96,"column":12}}]}},"s":{"0":0,"1":0,"2":0,"3":0,"4":0,"5":0,"6":0,"7":0,"8":0,"9":0,"10":0,"11":0,"12":0,"13":0,"14":0,"15":0,"16":0,"17":0,"18":0,"19":0,"20":0,"21":0,"22":0,"23":0,"24":0,"25":0,"26":0,"27":0,"28":0,"29":0,"30":0,"31":0,"32":0,"33":0,"34":0,"35":0,"36":0,"37":0,"38":0,"39":0,"40":0},"f":{"0":0,"1":0,"2":0,"3":0,"4":0,"5":0,"6":0,"7":0,"8":0},"b":{"0":[0,0],"1":[0,0],"2":[0,0],"3":[0,0],"4":[0,0],"5":[0,0],"6":[0,0],"7":[0,0],"8":[0,0]}}
,"/Users/plinio/node/bootcamp5/Meetapp/frontend/src/pages/meetupDetail/styles.js": {"path":"/Users/plinio/node/bootcamp5/Meetapp/frontend/src/pages/meetupDetail/styles.js","statementMap":{"0":{"start":{"line":1,"column":0},"end":{"line":null,"column":-1}},"1":{"start":{"line":3,"column":0},"end":{"line":null,"column":-1}},"2":{"start":{"line":5,"column":25},"end":{"line":5,"column":7}},"3":{"start":{"line":31,"column":23},"end":{"line":31,"column":7}},"4":{"start":{"line":35,"column":22},"end":{"line":35,"column":7}},"5":{"start":{"line":42,"column":25},"end":{"line":42,"column":7}},"6":{"start":{"line":49,"column":24},"end":{"line":49,"column":7}},"7":{"start":{"line":53,"column":24},"end":{"line":53,"column":7}},"8":{"start":{"line":61,"column":22},"end":{"line":61,"column":7}}},"fnMap":{},"branchMap":{},"s":{"0":0,"1":0,"2":0,"3":0,"4":0,"5":0,"6":0,"7":0,"8":0},"f":{},"b":{}}
,"/Users/plinio/node/bootcamp5/Meetapp/frontend/src/pages/newMeetup/index.js": {"path":"/Users/plinio/node/bootcamp5/Meetapp/frontend/src/pages/newMeetup/index.js","statementMap":{"0":{"start":{"line":1,"column":0},"end":{"line":null,"column":-1}},"1":{"start":{"line":2,"column":0},"end":{"line":null,"column":-1}},"2":{"start":{"line":3,"column":0},"end":{"line":null,"column":-1}},"3":{"start":{"line":4,"column":0},"end":{"line":null,"column":-1}},"4":{"start":{"line":5,"column":0},"end":{"line":null,"column":-1}},"5":{"start":{"line":6,"column":0},"end":{"line":null,"column":-1}},"6":{"start":{"line":7,"column":0},"end":{"line":null,"column":-1}},"7":{"start":{"line":8,"column":0},"end":{"line":null,"column":-1}},"8":{"start":{"line":9,"column":0},"end":{"line":null,"column":-1}},"9":{"start":{"line":10,"column":0},"end":{"line":null,"column":-1}},"10":{"start":{"line":12,"column":0},"end":{"line":null,"column":-1}},"11":{"start":{"line":14,"column":0},"end":{"line":null,"column":-1}},"12":{"start":{"line":26,"column":4},"end":{"line":null,"column":-1}},"13":{"start":{"line":25,"column":21},"end":{"line":null,"column":-1}},"14":{"start":{"line":41,"column":4},"end":{"line":null,"column":-1}},"15":{"start":{"line":45,"column":4},"end":{"line":null,"column":-1}},"16":{"start":{"line":51,"column":8},"end":{"line":48,"column":22}},"17":{"start":{"line":48,"column":22},"end":{"line":48,"column":21}},"18":{"start":{"line":53,"column":27},"end":{"line":53,"column":4}},"19":{"start":{"line":55,"column":4},"end":{"line":null,"column":-1}},"20":{"start":{"line":55,"column":25},"end":{"line":55,"column":4}},"21":{"start":{"line":57,"column":17},"end":{"line":57,"column":4}},"22":{"start":{"line":68,"column":4},"end":{"line":68,"column":20}},"23":{"start":{"line":68,"column":20},"end":{"line":null,"column":-1}},"24":{"start":{"line":70,"column":4},"end":{"line":74,"column":5}},"25":{"start":{"line":71,"column":6},"end":{"line":null,"column":-1}},"26":{"start":{"line":72,"column":6},"end":{"line":null,"column":-1}},"27":{"start":{"line":73,"column":6},"end":{"line":null,"column":-1}},"28":{"start":{"line":76,"column":4},"end":{"line":80,"column":5}},"29":{"start":{"line":77,"column":6},"end":{"line":null,"column":-1}},"30":{"start":{"line":78,"column":6},"end":{"line":null,"column":-1}},"31":{"start":{"line":79,"column":6},"end":{"line":null,"column":-1}},"32":{"start":{"line":82,"column":4},"end":{"line":86,"column":5}},"33":{"start":{"line":83,"column":6},"end":{"line":null,"column":-1}},"34":{"start":{"line":84,"column":6},"end":{"line":null,"column":-1}},"35":{"start":{"line":85,"column":6},"end":{"line":null,"column":-1}},"36":{"start":{"line":88,"column":4},"end":{"line":92,"column":5}},"37":{"start":{"line":89,"column":6},"end":{"line":null,"column":-1}},"38":{"start":{"line":90,"column":6},"end":{"line":null,"column":-1}},"39":{"start":{"line":91,"column":6},"end":{"line":null,"column":-1}},"40":{"start":{"line":94,"column":4},"end":{"line":null,"column":-1}},"41":{"start":{"line":98,"column":4},"end":{"line":null,"column":-1}},"42":{"start":{"line":99,"column":33},"end":{"line":97,"column":27}},"43":{"start":{"line":100,"column":17},"end":{"line":100,"column":4}},"44":{"start":{"line":101,"column":4},"end":{"line":103,"column":5}},"45":{"start":{"line":102,"column":6},"end":{"line":null,"column":-1}},"46":{"start":{"line":107,"column":30},"end":{"line":107,"column":4}},"47":{"start":{"line":108,"column":4},"end":{"line":null,"column":-1}},"48":{"start":{"line":109,"column":6},"end":{"line":109,"column":26}},"49":{"start":{"line":109,"column":26},"end":{"line":null,"column":-1}},"50":{"start":{"line":110,"column":6},"end":{"line":null,"column":-1}},"51":{"start":{"line":112,"column":4},"end":{"line":null,"column":-1}},"52":{"start":{"line":28,"column":4},"end":{"line":null,"column":-1}},"53":{"start":{"line":124,"column":8},"end":{"line":115,"column":11}},"54":{"start":{"line":115,"column":11},"end":{"line":115,"column":10}},"55":{"start":{"line":125,"column":31},"end":{"line":115,"column":11}},"56":{"start":{"line":127,"column":4},"end":{"line":null,"column":-1}},"57":{"start":{"line":138,"column":29},"end":{"line":135,"column":12}},"58":{"start":{"line":146,"column":29},"end":{"line":141,"column":12}},"59":{"start":{"line":153,"column":29},"end":{"line":150,"column":12}},"60":{"start":{"line":167,"column":18},"end":{"line":null,"column":-1}},"61":{"start":{"line":186,"column":24},"end":{"line":186,"column":0}},"62":{"start":{"line":186,"column":34},"end":{"line":186,"column":29}},"63":{"start":{"line":192,"column":27},"end":{"line":192,"column":0}},"64":{"start":{"line":192,"column":39},"end":{"line":192,"column":0}}},"fnMap":{"0":{"name":"(anonymous_0)","decl":{"start":{"line":25,"column":2},"end":{"line":25,"column":12}},"loc":{"start":{"line":25,"column":21},"end":{"line":38,"column":3}}},"1":{"name":"(anonymous_1)","decl":{"start":{"line":40,"column":17},"end":{"line":40,"column":18}},"loc":{"start":{"line":40,"column":31},"end":{"line":25,"column":21}}},"2":{"name":"(anonymous_2)","decl":{"start":{"line":44,"column":21},"end":{"line":44,"column":22}},"loc":{"start":{"line":44,"column":46},"end":{"line":25,"column":21}}},"3":{"name":"(anonymous_3)","decl":{"start":{"line":48,"column":16},"end":{"line":48,"column":21}},"loc":{"start":{"line":48,"column":22},"end":{"line":25,"column":21}}},"4":{"name":"(anonymous_4)","decl":{"start":{"line":55,"column":20},"end":{"line":55,"column":21}},"loc":{"start":{"line":55,"column":25},"end":{"line":55,"column":4}}},"5":{"name":"(anonymous_5)","decl":{"start":{"line":97,"column":21},"end":{"line":97,"column":20}},"loc":{"start":{"line":97,"column":27},"end":{"line":25,"column":21}}},"6":{"name":"(anonymous_6)","decl":{"start":{"line":106,"column":29},"end":{"line":106,"column":27}},"loc":{"start":{"line":106,"column":45},"end":{"line":25,"column":21}}},"7":{"name":"(anonymous_7)","decl":{"start":{"line":108,"column":21},"end":{"line":108,"column":19}},"loc":{"start":{"line":108,"column":30},"end":{"line":108,"column":4}}},"8":{"name":"(anonymous_8)","decl":{"start":{"line":115,"column":2},"end":{"line":115,"column":7}},"loc":{"start":{"line":115,"column":11},"end":{"line":183,"column":3}}},"9":{"name":"(anonymous_9)","decl":{"start":{"line":138,"column":24},"end":{"line":138,"column":25}},"loc":{"start":{"line":138,"column":29},"end":{"line":135,"column":12}}},"10":{"name":"(anonymous_10)","decl":{"start":{"line":146,"column":24},"end":{"line":146,"column":25}},"loc":{"start":{"line":146,"column":29},"end":{"line":141,"column":12}}},"11":{"name":"(anonymous_11)","decl":{"start":{"line":153,"column":24},"end":{"line":153,"column":25}},"loc":{"start":{"line":153,"column":29},"end":{"line":150,"column":12}}},"12":{"name":"(anonymous_12)","decl":{"start":{"line":166,"column":27},"end":{"line":166,"column":25}},"loc":{"start":{"line":166,"column":36},"end":{"line":157,"column":14}}},"13":{"name":"(anonymous_13)","decl":{"start":{"line":186,"column":24},"end":{"line":186,"column":28}},"loc":{"start":{"line":186,"column":34},"end":{"line":186,"column":29}}},"14":{"name":"(anonymous_14)","decl":{"start":{"line":192,"column":27},"end":{"line":192,"column":34}},"loc":{"start":{"line":192,"column":39},"end":{"line":192,"column":0}}}},"branchMap":{"0":{"loc":{"start":{"line":68,"column":4},"end":{"line":68,"column":20}},"type":"if","locations":[{"start":{"line":68,"column":4},"end":{"line":68,"column":20}},{"start":{"line":68,"column":4},"end":{"line":68,"column":20}}]},"1":{"loc":{"start":{"line":70,"column":4},"end":{"line":74,"column":5}},"type":"if","locations":[{"start":{"line":70,"column":4},"end":{"line":74,"column":5}},{"start":{"line":70,"column":4},"end":{"line":74,"column":5}}]},"2":{"loc":{"start":{"line":76,"column":4},"end":{"line":80,"column":5}},"type":"if","locations":[{"start":{"line":76,"column":4},"end":{"line":80,"column":5}},{"start":{"line":76,"column":4},"end":{"line":80,"column":5}}]},"3":{"loc":{"start":{"line":82,"column":4},"end":{"line":86,"column":5}},"type":"if","locations":[{"start":{"line":82,"column":4},"end":{"line":86,"column":5}},{"start":{"line":82,"column":4},"end":{"line":86,"column":5}}]},"4":{"loc":{"start":{"line":88,"column":4},"end":{"line":92,"column":5}},"type":"if","locations":[{"start":{"line":88,"column":4},"end":{"line":92,"column":5}},{"start":{"line":88,"column":4},"end":{"line":92,"column":5}}]},"5":{"loc":{"start":{"line":101,"column":4},"end":{"line":103,"column":5}},"type":"if","locations":[{"start":{"line":101,"column":4},"end":{"line":103,"column":5}},{"start":{"line":101,"column":4},"end":{"line":103,"column":5}}]},"6":{"loc":{"start":{"line":109,"column":6},"end":{"line":109,"column":26}},"type":"if","locations":[{"start":{"line":109,"column":6},"end":{"line":109,"column":26}},{"start":{"line":109,"column":6},"end":{"line":109,"column":26}}]},"7":{"loc":{"start":{"line":132,"column":13},"end":{"line":132,"column":18}},"type":"binary-expr","locations":[{"start":{"line":132,"column":13},"end":{"line":132,"column":18}},{"start":{"line":132,"column":22},"end":{"line":131,"column":10}}]},"8":{"loc":{"start":{"line":133,"column":13},"end":{"line":133,"column":30}},"type":"binary-expr","locations":[{"start":{"line":133,"column":13},"end":{"line":133,"column":30}},{"start":{"line":133,"column":34},"end":{"line":131,"column":10}}]},"9":{"loc":{"start":{"line":177,"column":25},"end":{"line":177,"column":22}},"type":"cond-expr","locations":[{"start":{"line":177,"column":25},"end":{"line":177,"column":22}},{"start":{"line":177,"column":68},"end":{"line":176,"column":12}}]}},"s":{"0":0,"1":0,"2":0,"3":0,"4":0,"5":0,"6":0,"7":0,"8":0,"9":0,"10":0,"11":0,"12":0,"13":0,"14":0,"15":0,"16":0,"17":0,"18":0,"19":0,"20":0,"21":0,"22":0,"23":0,"24":0,"25":0,"26":0,"27":0,"28":0,"29":0,"30":0,"31":0,"32":0,"33":0,"34":0,"35":0,"36":0,"37":0,"38":0,"39":0,"40":0,"41":0,"42":0,"43":0,"44":0,"45":0,"46":0,"47":0,"48":0,"49":0,"50":0,"51":0,"52":0,"53":0,"54":0,"55":0,"56":0,"57":0,"58":0,"59":0,"60":0,"61":0,"62":0,"63":0,"64":0},"f":{"0":0,"1":0,"2":0,"3":0,"4":0,"5":0,"6":0,"7":0,"8":0,"9":0,"10":0,"11":0,"12":0,"13":0,"14":0},"b":{"0":[0,0],"1":[0,0],"2":[0,0],"3":[0,0],"4":[0,0],"5":[0,0],"6":[0,0],"7":[0,0],"8":[0,0],"9":[0,0]}}
,"/Users/plinio/node/bootcamp5/Meetapp/frontend/src/pages/newMeetup/styles.js": {"path":"/Users/plinio/node/bootcamp5/Meetapp/frontend/src/pages/newMeetup/styles.js","statementMap":{"0":{"start":{"line":1,"column":0},"end":{"line":null,"column":-1}},"1":{"start":{"line":3,"column":0},"end":{"line":null,"column":-1}},"2":{"start":{"line":5,"column":25},"end":{"line":5,"column":7}},"3":{"start":{"line":25,"column":20},"end":{"line":25,"column":7}},"4":{"start":{"line":31,"column":22},"end":{"line":31,"column":7}},"5":{"start":{"line":43,"column":25},"end":{"line":43,"column":7}},"6":{"start":{"line":60,"column":20},"end":{"line":60,"column":7}},"7":{"start":{"line":80,"column":24},"end":{"line":80,"column":7}}},"fnMap":{},"branchMap":{},"s":{"0":0,"1":0,"2":0,"3":0,"4":0,"5":0,"6":0,"7":0},"f":{},"b":{}}
,"/Users/plinio/node/bootcamp5/Meetapp/frontend/src/pages/preferences/index.js": {"path":"/Users/plinio/node/bootcamp5/Meetapp/frontend/src/pages/preferences/index.js","statementMap":{"0":{"start":{"line":1,"column":0},"end":{"line":null,"column":-1}},"1":{"start":{"line":2,"column":0},"end":{"line":null,"column":-1}},"2":{"start":{"line":3,"column":0},"end":{"line":null,"column":-1}},"3":{"start":{"line":4,"column":0},"end":{"line":null,"column":-1}},"4":{"start":{"line":5,"column":0},"end":{"line":null,"column":-1}},"5":{"start":{"line":6,"column":0},"end":{"line":null,"column":-1}},"6":{"start":{"line":10,"column":0},"end":{"line":null,"column":-1}},"7":{"start":{"line":12,"column":36},"end":{"line":null,"column":-1}},"8":{"start":{"line":28,"column":4},"end":{"line":null,"column":-1}},"9":{"start":{"line":29,"column":40},"end":{"line":27,"column":41}},"10":{"start":{"line":27,"column":41},"end":{"line":27,"column":40}},"11":{"start":{"line":30,"column":24},"end":{"line":30,"column":4}},"12":{"start":{"line":31,"column":4},"end":{"line":null,"column":-1}},"13":{"start":{"line":31,"column":30},"end":{"line":31,"column":4}},"14":{"start":{"line":32,"column":4},"end":{"line":null,"column":-1}},"15":{"start":{"line":39,"column":36},"end":{"line":38,"column":45}},"16":{"start":{"line":40,"column":28},"end":{"line":40,"column":4}},"17":{"start":{"line":41,"column":4},"end":{"line":null,"column":-1}},"18":{"start":{"line":42,"column":6},"end":{"line":42,"column":26}},"19":{"start":{"line":42,"column":26},"end":{"line":null,"column":-1}},"20":{"start":{"line":43,"column":6},"end":{"line":null,"column":-1}},"21":{"start":{"line":45,"column":4},"end":{"line":null,"column":-1}},"22":{"start":{"line":49,"column":37},"end":{"line":48,"column":11}},"23":{"start":{"line":48,"column":11},"end":{"line":48,"column":10}},"24":{"start":{"line":50,"column":40},"end":{"line":48,"column":11}},"25":{"start":{"line":51,"column":18},"end":{"line":51,"column":4}},"26":{"start":{"line":52,"column":4},"end":{"line":null,"column":-1}},"27":{"start":{"line":71,"column":24},"end":{"line":71,"column":0}},"28":{"start":{"line":71,"column":34},"end":{"line":71,"column":29}},"29":{"start":{"line":77,"column":27},"end":{"line":77,"column":0}},"30":{"start":{"line":77,"column":39},"end":{"line":77,"column":0}}},"fnMap":{"0":{"name":"(anonymous_0)","decl":{"start":{"line":12,"column":36},"end":{"line":null,"column":-1}},"loc":{"start":{"line":12,"column":36},"end":{"line":null,"column":-1}}},"1":{"name":"(anonymous_1)","decl":{"start":{"line":27,"column":28},"end":{"line":27,"column":34}},"loc":{"start":{"line":27,"column":41},"end":{"line":12,"column":36}}},"2":{"name":"(anonymous_2)","decl":{"start":{"line":31,"column":25},"end":{"line":31,"column":26}},"loc":{"start":{"line":31,"column":30},"end":{"line":31,"column":4}}},"3":{"name":"(anonymous_3)","decl":{"start":{"line":38,"column":29},"end":{"line":38,"column":27}},"loc":{"start":{"line":38,"column":45},"end":{"line":12,"column":36}}},"4":{"name":"(anonymous_4)","decl":{"start":{"line":41,"column":21},"end":{"line":41,"column":19}},"loc":{"start":{"line":41,"column":30},"end":{"line":41,"column":4}}},"5":{"name":"(anonymous_5)","decl":{"start":{"line":48,"column":2},"end":{"line":48,"column":7}},"loc":{"start":{"line":48,"column":11},"end":{"line":69,"column":3}}},"6":{"name":"(anonymous_6)","decl":{"start":{"line":71,"column":24},"end":{"line":71,"column":28}},"loc":{"start":{"line":71,"column":34},"end":{"line":71,"column":29}}},"7":{"name":"(anonymous_7)","decl":{"start":{"line":77,"column":27},"end":{"line":77,"column":34}},"loc":{"start":{"line":77,"column":39},"end":{"line":77,"column":0}}}},"branchMap":{"0":{"loc":{"start":{"line":42,"column":6},"end":{"line":42,"column":26}},"type":"if","locations":[{"start":{"line":42,"column":6},"end":{"line":42,"column":26}},{"start":{"line":42,"column":6},"end":{"line":42,"column":26}}]},"1":{"loc":{"start":{"line":55,"column":11},"end":{"line":55,"column":16}},"type":"binary-expr","locations":[{"start":{"line":55,"column":11},"end":{"line":55,"column":16}},{"start":{"line":55,"column":20},"end":{"line":54,"column":8}}]},"2":{"loc":{"start":{"line":56,"column":23},"end":{"line":56,"column":27}},"type":"binary-expr","locations":[{"start":{"line":56,"column":23},"end":{"line":56,"column":27}},{"start":{"line":56,"column":31},"end":{"line":56,"column":10}}]},"3":{"loc":{"start":{"line":64,"column":23},"end":{"line":64,"column":20}},"type":"cond-expr","locations":[{"start":{"line":64,"column":23},"end":{"line":64,"column":20}},{"start":{"line":64,"column":66},"end":{"line":63,"column":10}}]}},"s":{"0":0,"1":0,"2":0,"3":0,"4":0,"5":0,"6":0,"7":0,"8":0,"9":0,"10":0,"11":0,"12":0,"13":0,"14":0,"15":0,"16":0,"17":0,"18":0,"19":0,"20":0,"21":0,"22":0,"23":0,"24":0,"25":0,"26":0,"27":0,"28":0,"29":0,"30":0},"f":{"0":0,"1":0,"2":0,"3":0,"4":0,"5":0,"6":0,"7":0},"b":{"0":[0,0],"1":[0,0],"2":[0,0],"3":[0,0]}}
,"/Users/plinio/node/bootcamp5/Meetapp/frontend/src/pages/preferences/styles.js": {"path":"/Users/plinio/node/bootcamp5/Meetapp/frontend/src/pages/preferences/styles.js","statementMap":{"0":{"start":{"line":1,"column":0},"end":{"line":null,"column":-1}},"1":{"start":{"line":3,"column":0},"end":{"line":null,"column":-1}},"2":{"start":{"line":5,"column":25},"end":{"line":5,"column":7}},"3":{"start":{"line":14,"column":20},"end":{"line":14,"column":7}},"4":{"start":{"line":18,"column":22},"end":{"line":18,"column":7}},"5":{"start":{"line":25,"column":25},"end":{"line":25,"column":7}},"6":{"start":{"line":33,"column":20},"end":{"line":33,"column":7}},"7":{"start":{"line":39,"column":22},"end":{"line":39,"column":7}}},"fnMap":{},"branchMap":{},"s":{"0":0,"1":0,"2":0,"3":0,"4":0,"5":0,"6":0,"7":0},"f":{},"b":{}}
,"/Users/plinio/node/bootcamp5/Meetapp/frontend/src/pages/profile/index.js": {"path":"/Users/plinio/node/bootcamp5/Meetapp/frontend/src/pages/profile/index.js","statementMap":{"0":{"start":{"line":1,"column":0},"end":{"line":null,"column":-1}},"1":{"start":{"line":2,"column":0},"end":{"line":null,"column":-1}},"2":{"start":{"line":3,"column":0},"end":{"line":null,"column":-1}},"3":{"start":{"line":4,"column":0},"end":{"line":null,"column":-1}},"4":{"start":{"line":5,"column":0},"end":{"line":null,"column":-1}},"5":{"start":{"line":6,"column":0},"end":{"line":null,"column":-1}},"6":{"start":{"line":7,"column":0},"end":{"line":null,"column":-1}},"7":{"start":{"line":8,"column":0},"end":{"line":null,"column":-1}},"8":{"start":{"line":9,"column":0},"end":{"line":null,"column":-1}},"9":{"start":{"line":29,"column":4},"end":{"line":null,"column":-1}},"10":{"start":{"line":28,"column":21},"end":{"line":null,"column":-1}},"11":{"start":{"line":40,"column":39},"end":{"line":39,"column":29}},"12":{"start":{"line":39,"column":29},"end":{"line":39,"column":28}},"13":{"start":{"line":41,"column":4},"end":{"line":null,"column":-1}},"14":{"start":{"line":47,"column":21},"end":{"line":46,"column":28}},"15":{"start":{"line":48,"column":35},"end":{"line":46,"column":28}},"16":{"start":{"line":49,"column":24},"end":{"line":49,"column":4}},"17":{"start":{"line":50,"column":4},"end":{"line":null,"column":-1}},"18":{"start":{"line":56,"column":36},"end":{"line":55,"column":31}},"19":{"start":{"line":57,"column":4},"end":{"line":null,"column":-1}},"20":{"start":{"line":61,"column":21},"end":{"line":60,"column":22}},"21":{"start":{"line":62,"column":28},"end":{"line":60,"column":22}},"22":{"start":{"line":63,"column":24},"end":{"line":63,"column":4}},"23":{"start":{"line":64,"column":4},"end":{"line":null,"column":-1}},"24":{"start":{"line":64,"column":30},"end":{"line":64,"column":4}},"25":{"start":{"line":65,"column":17},"end":{"line":65,"column":4}},"26":{"start":{"line":73,"column":4},"end":{"line":77,"column":5}},"27":{"start":{"line":74,"column":6},"end":{"line":null,"column":-1}},"28":{"start":{"line":75,"column":6},"end":{"line":null,"column":-1}},"29":{"start":{"line":76,"column":6},"end":{"line":null,"column":-1}},"30":{"start":{"line":79,"column":4},"end":{"line":79,"column":48}},"31":{"start":{"line":79,"column":48},"end":{"line":null,"column":-1}},"32":{"start":{"line":81,"column":4},"end":{"line":85,"column":5}},"33":{"start":{"line":82,"column":6},"end":{"line":null,"column":-1}},"34":{"start":{"line":83,"column":6},"end":{"line":null,"column":-1}},"35":{"start":{"line":84,"column":6},"end":{"line":null,"column":-1}},"36":{"start":{"line":87,"column":4},"end":{"line":91,"column":5}},"37":{"start":{"line":88,"column":6},"end":{"line":null,"column":-1}},"38":{"start":{"line":89,"column":6},"end":{"line":null,"column":-1}},"39":{"start":{"line":90,"column":6},"end":{"line":null,"column":-1}},"40":{"start":{"line":93,"column":4},"end":{"line":96,"column":5}},"41":{"start":{"line":94,"column":6},"end":{"line":null,"column":-1}},"42":{"start":{"line":95,"column":6},"end":{"line":null,"column":-1}},"43":{"start":{"line":98,"column":4},"end":{"line":null,"column":-1}},"44":{"start":{"line":102,"column":4},"end":{"line":null,"column":-1}},"45":{"start":{"line":103,"column":34},"end":{"line":101,"column":24}},"46":{"start":{"line":104,"column":17},"end":{"line":104,"column":4}},"47":{"start":{"line":105,"column":4},"end":{"line":107,"column":5}},"48":{"start":{"line":106,"column":6},"end":{"line":null,"column":-1}},"49":{"start":{"line":111,"column":36},"end":{"line":110,"column":45}},"50":{"start":{"line":112,"column":28},"end":{"line":112,"column":4}},"51":{"start":{"line":113,"column":4},"end":{"line":null,"column":-1}},"52":{"start":{"line":114,"column":6},"end":{"line":114,"column":26}},"53":{"start":{"line":114,"column":26},"end":{"line":null,"column":-1}},"54":{"start":{"line":115,"column":6},"end":{"line":null,"column":-1}},"55":{"start":{"line":117,"column":4},"end":{"line":null,"column":-1}},"56":{"start":{"line":30,"column":4},"end":{"line":null,"column":-1}},"57":{"start":{"line":121,"column":34},"end":{"line":120,"column":11}},"58":{"start":{"line":122,"column":37},"end":{"line":120,"column":11}},"59":{"start":{"line":120,"column":11},"end":{"line":120,"column":10}},"60":{"start":{"line":123,"column":40},"end":{"line":120,"column":11}},"61":{"start":{"line":124,"column":4},"end":{"line":null,"column":-1}},"62":{"start":{"line":127,"column":4},"end":{"line":null,"column":-1}},"63":{"start":{"line":150,"column":24},"end":{"line":150,"column":0}},"64":{"start":{"line":150,"column":34},"end":{"line":150,"column":29}},"65":{"start":{"line":157,"column":27},"end":{"line":157,"column":0}},"66":{"start":{"line":157,"column":39},"end":{"line":157,"column":0}}},"fnMap":{"0":{"name":"(anonymous_0)","decl":{"start":{"line":28,"column":2},"end":{"line":28,"column":12}},"loc":{"start":{"line":28,"column":21},"end":{"line":37,"column":3}}},"1":{"name":"(anonymous_1)","decl":{"start":{"line":39,"column":23},"end":{"line":39,"column":28}},"loc":{"start":{"line":39,"column":29},"end":{"line":28,"column":21}}},"2":{"name":"(anonymous_2)","decl":{"start":{"line":46,"column":22},"end":{"line":46,"column":27}},"loc":{"start":{"line":46,"column":28},"end":{"line":28,"column":21}}},"3":{"name":"(anonymous_3)","decl":{"start":{"line":55,"column":17},"end":{"line":55,"column":18}},"loc":{"start":{"line":55,"column":31},"end":{"line":28,"column":21}}},"4":{"name":"(anonymous_4)","decl":{"start":{"line":60,"column":16},"end":{"line":60,"column":21}},"loc":{"start":{"line":60,"column":22},"end":{"line":28,"column":21}}},"5":{"name":"(anonymous_5)","decl":{"start":{"line":64,"column":25},"end":{"line":64,"column":26}},"loc":{"start":{"line":64,"column":30},"end":{"line":64,"column":4}}},"6":{"name":"(anonymous_6)","decl":{"start":{"line":101,"column":18},"end":{"line":101,"column":17}},"loc":{"start":{"line":101,"column":24},"end":{"line":28,"column":21}}},"7":{"name":"(anonymous_7)","decl":{"start":{"line":110,"column":29},"end":{"line":110,"column":27}},"loc":{"start":{"line":110,"column":45},"end":{"line":28,"column":21}}},"8":{"name":"(anonymous_8)","decl":{"start":{"line":113,"column":21},"end":{"line":113,"column":19}},"loc":{"start":{"line":113,"column":30},"end":{"line":113,"column":4}}},"9":{"name":"(anonymous_9)","decl":{"start":{"line":120,"column":2},"end":{"line":120,"column":7}},"loc":{"start":{"line":120,"column":11},"end":{"line":147,"column":3}}},"10":{"name":"(anonymous_10)","decl":{"start":{"line":150,"column":24},"end":{"line":150,"column":28}},"loc":{"start":{"line":150,"column":34},"end":{"line":150,"column":29}}},"11":{"name":"(anonymous_11)","decl":{"start":{"line":157,"column":27},"end":{"line":157,"column":34}},"loc":{"start":{"line":157,"column":39},"end":{"line":157,"column":0}}}},"branchMap":{"0":{"loc":{"start":{"line":73,"column":4},"end":{"line":77,"column":5}},"type":"if","locations":[{"start":{"line":73,"column":4},"end":{"line":77,"column":5}},{"start":{"line":73,"column":4},"end":{"line":77,"column":5}}]},"1":{"loc":{"start":{"line":79,"column":4},"end":{"line":79,"column":48}},"type":"if","locations":[{"start":{"line":79,"column":4},"end":{"line":79,"column":48}},{"start":{"line":79,"column":4},"end":{"line":79,"column":48}}]},"2":{"loc":{"start":{"line":81,"column":4},"end":{"line":85,"column":5}},"type":"if","locations":[{"start":{"line":81,"column":4},"end":{"line":85,"column":5}},{"start":{"line":81,"column":4},"end":{"line":85,"column":5}}]},"3":{"loc":{"start":{"line":87,"column":4},"end":{"line":91,"column":5}},"type":"if","locations":[{"start":{"line":87,"column":4},"end":{"line":91,"column":5}},{"start":{"line":87,"column":4},"end":{"line":91,"column":5}}]},"4":{"loc":{"start":{"line":93,"column":4},"end":{"line":96,"column":5}},"type":"if","locations":[{"start":{"line":93,"column":4},"end":{"line":96,"column":5}},{"start":{"line":93,"column":4},"end":{"line":96,"column":5}}]},"5":{"loc":{"start":{"line":105,"column":4},"end":{"line":107,"column":5}},"type":"if","locations":[{"start":{"line":105,"column":4},"end":{"line":107,"column":5}},{"start":{"line":105,"column":4},"end":{"line":107,"column":5}}]},"6":{"loc":{"start":{"line":114,"column":6},"end":{"line":114,"column":26}},"type":"if","locations":[{"start":{"line":114,"column":6},"end":{"line":114,"column":26}},{"start":{"line":114,"column":6},"end":{"line":114,"column":26}}]},"7":{"loc":{"start":{"line":125,"column":8},"end":{"line":124,"column":32}},"type":"cond-expr","locations":[{"start":{"line":125,"column":8},"end":{"line":124,"column":32}},{"start":{"line":126,"column":8},"end":{"line":124,"column":4}}]},"8":{"loc":{"start":{"line":132,"column":13},"end":{"line":132,"column":18}},"type":"binary-expr","locations":[{"start":{"line":132,"column":13},"end":{"line":132,"column":18}},{"start":{"line":132,"column":22},"end":{"line":131,"column":10}}]},"9":{"loc":{"start":{"line":133,"column":13},"end":{"line":133,"column":30}},"type":"binary-expr","locations":[{"start":{"line":133,"column":13},"end":{"line":133,"column":30}},{"start":{"line":133,"column":34},"end":{"line":131,"column":10}}]},"10":{"loc":{"start":{"line":141,"column":25},"end":{"line":141,"column":22}},"type":"cond-expr","locations":[{"start":{"line":141,"column":25},"end":{"line":141,"column":22}},{"start":{"line":141,"column":68},"end":{"line":140,"column":12}}]}},"s":{"0":0,"1":0,"2":0,"3":0,"4":0,"5":0,"6":0,"7":0,"8":0,"9":0,"10":0,"11":0,"12":0,"13":0,"14":0,"15":0,"16":0,"17":0,"18":0,"19":0,"20":0,"21":0,"22":0,"23":0,"24":0,"25":0,"26":0,"27":0,"28":0,"29":0,"30":0,"31":0,"32":0,"33":0,"34":0,"35":0,"36":0,"37":0,"38":0,"39":0,"40":0,"41":0,"42":0,"43":0,"44":0,"45":0,"46":0,"47":0,"48":0,"49":0,"50":0,"51":0,"52":0,"53":0,"54":0,"55":0,"56":0,"57":0,"58":0,"59":0,"60":0,"61":0,"62":0,"63":0,"64":0,"65":0,"66":0},"f":{"0":0,"1":0,"2":0,"3":0,"4":0,"5":0,"6":0,"7":0,"8":0,"9":0,"10":0,"11":0},"b":{"0":[0,0],"1":[0,0],"2":[0,0],"3":[0,0],"4":[0,0],"5":[0,0],"6":[0,0],"7":[0,0],"8":[0,0],"9":[0,0],"10":[0,0]}}
,"/Users/plinio/node/bootcamp5/Meetapp/frontend/src/pages/profile/styles.js": {"path":"/Users/plinio/node/bootcamp5/Meetapp/frontend/src/pages/profile/styles.js","statementMap":{"0":{"start":{"line":1,"column":0},"end":{"line":null,"column":-1}},"1":{"start":{"line":3,"column":0},"end":{"line":null,"column":-1}},"2":{"start":{"line":5,"column":25},"end":{"line":5,"column":7}},"3":{"start":{"line":25,"column":20},"end":{"line":25,"column":7}},"4":{"start":{"line":31,"column":22},"end":{"line":31,"column":7}}},"fnMap":{},"branchMap":{},"s":{"0":0,"1":0,"2":0,"3":0,"4":0},"f":{},"b":{}}
,"/Users/plinio/node/bootcamp5/Meetapp/frontend/src/pages/signin/index.js": {"path":"/Users/plinio/node/bootcamp5/Meetapp/frontend/src/pages/signin/index.js","statementMap":{"0":{"start":{"line":1,"column":0},"end":{"line":null,"column":-1}},"1":{"start":{"line":2,"column":0},"end":{"line":null,"column":-1}},"2":{"start":{"line":3,"column":0},"end":{"line":null,"column":-1}},"3":{"start":{"line":4,"column":0},"end":{"line":null,"column":-1}},"4":{"start":{"line":5,"column":0},"end":{"line":null,"column":-1}},"5":{"start":{"line":6,"column":0},"end":{"line":null,"column":-1}},"6":{"start":{"line":7,"column":0},"end":{"line":null,"column":-1}},"7":{"start":{"line":9,"column":0},"end":{"line":null,"column":-1}},"8":{"start":{"line":11,"column":0},"end":{"line":null,"column":-1}},"9":{"start":{"line":15,"column":31},"end":{"line":null,"column":-1}},"10":{"start":{"line":29,"column":32},"end":{"line":28,"column":18}},"11":{"start":{"line":28,"column":18},"end":{"line":28,"column":17}},"12":{"start":{"line":30,"column":4},"end":{"line":33,"column":5}},"13":{"start":{"line":31,"column":6},"end":{"line":null,"column":-1}},"14":{"start":{"line":32,"column":6},"end":{"line":null,"column":-1}},"15":{"start":{"line":34,"column":4},"end":{"line":37,"column":5}},"16":{"start":{"line":35,"column":6},"end":{"line":null,"column":-1}},"17":{"start":{"line":36,"column":6},"end":{"line":null,"column":-1}},"18":{"start":{"line":38,"column":4},"end":{"line":null,"column":-1}},"19":{"start":{"line":42,"column":4},"end":{"line":null,"column":-1}},"20":{"start":{"line":43,"column":4},"end":{"line":47,"column":5}},"21":{"start":{"line":44,"column":30},"end":{"line":43,"column":25}},"22":{"start":{"line":45,"column":34},"end":{"line":43,"column":25}},"23":{"start":{"line":43,"column":25},"end":{"line":43,"column":24}},"24":{"start":{"line":46,"column":6},"end":{"line":null,"column":-1}},"25":{"start":{"line":51,"column":4},"end":{"line":null,"column":-1}},"26":{"start":{"line":55,"column":51},"end":{"line":54,"column":11}},"27":{"start":{"line":54,"column":11},"end":{"line":54,"column":10}},"28":{"start":{"line":56,"column":17},"end":{"line":56,"column":4}},"29":{"start":{"line":57,"column":31},"end":{"line":54,"column":11}},"30":{"start":{"line":58,"column":4},"end":{"line":null,"column":-1}},"31":{"start":{"line":79,"column":24},"end":{"line":79,"column":0}},"32":{"start":{"line":79,"column":34},"end":{"line":79,"column":29}},"33":{"start":{"line":84,"column":27},"end":{"line":84,"column":0}},"34":{"start":{"line":84,"column":39},"end":{"line":84,"column":0}}},"fnMap":{"0":{"name":"(anonymous_0)","decl":{"start":{"line":15,"column":31},"end":{"line":null,"column":-1}},"loc":{"start":{"line":15,"column":31},"end":{"line":null,"column":-1}}},"1":{"name":"(anonymous_1)","decl":{"start":{"line":28,"column":12},"end":{"line":28,"column":17}},"loc":{"start":{"line":28,"column":18},"end":{"line":15,"column":31}}},"2":{"name":"(anonymous_2)","decl":{"start":{"line":41,"column":17},"end":{"line":41,"column":23}},"loc":{"start":{"line":41,"column":30},"end":{"line":15,"column":31}}},"3":{"name":"(anonymous_3)","decl":{"start":{"line":50,"column":17},"end":{"line":50,"column":18}},"loc":{"start":{"line":50,"column":31},"end":{"line":15,"column":31}}},"4":{"name":"(anonymous_4)","decl":{"start":{"line":54,"column":2},"end":{"line":54,"column":7}},"loc":{"start":{"line":54,"column":11},"end":{"line":76,"column":3}}},"5":{"name":"(anonymous_5)","decl":{"start":{"line":79,"column":24},"end":{"line":79,"column":28}},"loc":{"start":{"line":79,"column":34},"end":{"line":79,"column":29}}},"6":{"name":"(anonymous_6)","decl":{"start":{"line":84,"column":27},"end":{"line":84,"column":34}},"loc":{"start":{"line":84,"column":39},"end":{"line":84,"column":0}}}},"branchMap":{"0":{"loc":{"start":{"line":30,"column":4},"end":{"line":33,"column":5}},"type":"if","locations":[{"start":{"line":30,"column":4},"end":{"line":33,"column":5}},{"start":{"line":30,"column":4},"end":{"line":33,"column":5}}]},"1":{"loc":{"start":{"line":34,"column":4},"end":{"line":37,"column":5}},"type":"if","locations":[{"start":{"line":34,"column":4},"end":{"line":37,"column":5}},{"start":{"line":34,"column":4},"end":{"line":37,"column":5}}]},"2":{"loc":{"start":{"line":43,"column":4},"end":{"line":47,"column":5}},"type":"if","locations":[{"start":{"line":43,"column":4},"end":{"line":47,"column":5}},{"start":{"line":43,"column":4},"end":{"line":47,"column":5}}]},"3":{"loc":{"start":{"line":63,"column":13},"end":{"line":63,"column":18}},"type":"binary-expr","locations":[{"start":{"line":63,"column":13},"end":{"line":63,"column":18}},{"start":{"line":63,"column":22},"end":{"line":61,"column":10}}]},"4":{"loc":{"start":{"line":64,"column":13},"end":{"line":64,"column":30}},"type":"binary-expr","locations":[{"start":{"line":64,"column":13},"end":{"line":64,"column":30}},{"start":{"line":64,"column":34},"end":{"line":61,"column":10}}]},"5":{"loc":{"start":{"line":67,"column":25},"end":{"line":67,"column":22}},"type":"cond-expr","locations":[{"start":{"line":67,"column":25},"end":{"line":67,"column":22}},{"start":{"line":67,"column":68},"end":{"line":66,"column":12}}]}},"s":{"0":0,"1":0,"2":0,"3":0,"4":0,"5":0,"6":0,"7":0,"8":0,"9":0,"10":0,"11":0,"12":0,"13":0,"14":0,"15":0,"16":0,"17":0,"18":0,"19":0,"20":0,"21":0,"22":0,"23":0,"24":0,"25":0,"26":0,"27":0,"28":0,"29":0,"30":0,"31":0,"32":0,"33":0,"34":0},"f":{"0":0,"1":0,"2":0,"3":0,"4":0,"5":0,"6":0},"b":{"0":[0,0],"1":[0,0],"2":[0,0],"3":[0,0],"4":[0,0],"5":[0,0]}}
,"/Users/plinio/node/bootcamp5/Meetapp/frontend/src/pages/signin/styles.js": {"path":"/Users/plinio/node/bootcamp5/Meetapp/frontend/src/pages/signin/styles.js","statementMap":{"0":{"start":{"line":1,"column":0},"end":{"line":null,"column":-1}},"1":{"start":{"line":3,"column":0},"end":{"line":null,"column":-1}},"2":{"start":{"line":5,"column":25},"end":{"line":5,"column":7}},"3":{"start":{"line":15,"column":20},"end":{"line":15,"column":7}},"4":{"start":{"line":31,"column":19},"end":{"line":31,"column":7}},"5":{"start":{"line":35,"column":20},"end":{"line":35,"column":7}},"6":{"start":{"line":43,"column":22},"end":{"line":43,"column":7}}},"fnMap":{},"branchMap":{},"s":{"0":0,"1":0,"2":0,"3":0,"4":0,"5":0,"6":0},"f":{},"b":{}}
,"/Users/plinio/node/bootcamp5/Meetapp/frontend/src/pages/signup/index.js": {"path":"/Users/plinio/node/bootcamp5/Meetapp/frontend/src/pages/signup/index.js","statementMap":{"0":{"start":{"line":1,"column":0},"end":{"line":null,"column":-1}},"1":{"start":{"line":2,"column":0},"end":{"line":null,"column":-1}},"2":{"start":{"line":3,"column":0},"end":{"line":null,"column":-1}},"3":{"start":{"line":4,"column":0},"end":{"line":null,"column":-1}},"4":{"start":{"line":5,"column":0},"end":{"line":null,"column":-1}},"5":{"start":{"line":6,"column":0},"end":{"line":null,"column":-1}},"6":{"start":{"line":7,"column":0},"end":{"line":null,"column":-1}},"7":{"start":{"line":8,"column":0},"end":{"line":null,"column":-1}},"8":{"start":{"line":9,"column":0},"end":{"line":null,"column":-1}},"9":{"start":{"line":13,"column":31},"end":{"line":null,"column":-1}},"10":{"start":{"line":31,"column":8},"end":{"line":28,"column":18}},"11":{"start":{"line":28,"column":18},"end":{"line":28,"column":17}},"12":{"start":{"line":32,"column":4},"end":{"line":35,"column":5}},"13":{"start":{"line":33,"column":6},"end":{"line":null,"column":-1}},"14":{"start":{"line":34,"column":6},"end":{"line":null,"column":-1}},"15":{"start":{"line":36,"column":4},"end":{"line":39,"column":5}},"16":{"start":{"line":37,"column":6},"end":{"line":null,"column":-1}},"17":{"start":{"line":38,"column":6},"end":{"line":null,"column":-1}},"18":{"start":{"line":40,"column":4},"end":{"line":43,"column":5}},"19":{"start":{"line":41,"column":6},"end":{"line":null,"column":-1}},"20":{"start":{"line":42,"column":6},"end":{"line":null,"column":-1}},"21":{"start":{"line":44,"column":4},"end":{"line":47,"column":5}},"22":{"start":{"line":45,"column":6},"end":{"line":null,"column":-1}},"23":{"start":{"line":46,"column":6},"end":{"line":null,"column":-1}},"24":{"start":{"line":48,"column":4},"end":{"line":51,"column":5}},"25":{"start":{"line":49,"column":6},"end":{"line":null,"column":-1}},"26":{"start":{"line":50,"column":6},"end":{"line":null,"column":-1}},"27":{"start":{"line":52,"column":4},"end":{"line":null,"column":-1}},"28":{"start":{"line":56,"column":4},"end":{"line":null,"column":-1}},"29":{"start":{"line":57,"column":4},"end":{"line":68,"column":5}},"30":{"start":{"line":58,"column":33},"end":{"line":57,"column":25}},"31":{"start":{"line":61,"column":10},"end":{"line":57,"column":25}},"32":{"start":{"line":57,"column":25},"end":{"line":57,"column":24}},"33":{"start":{"line":62,"column":6},"end":{"line":null,"column":-1}},"34":{"start":{"line":72,"column":4},"end":{"line":null,"column":-1}},"35":{"start":{"line":82,"column":8},"end":{"line":75,"column":11}},"36":{"start":{"line":75,"column":11},"end":{"line":75,"column":10}},"37":{"start":{"line":83,"column":31},"end":{"line":75,"column":11}},"38":{"start":{"line":84,"column":17},"end":{"line":84,"column":4}},"39":{"start":{"line":90,"column":4},"end":{"line":null,"column":-1}},"40":{"start":{"line":111,"column":24},"end":{"line":111,"column":0}},"41":{"start":{"line":111,"column":34},"end":{"line":111,"column":29}},"42":{"start":{"line":117,"column":27},"end":{"line":117,"column":0}},"43":{"start":{"line":117,"column":39},"end":{"line":117,"column":0}}},"fnMap":{"0":{"name":"(anonymous_0)","decl":{"start":{"line":13,"column":31},"end":{"line":null,"column":-1}},"loc":{"start":{"line":13,"column":31},"end":{"line":null,"column":-1}}},"1":{"name":"(anonymous_1)","decl":{"start":{"line":28,"column":12},"end":{"line":28,"column":17}},"loc":{"start":{"line":28,"column":18},"end":{"line":13,"column":31}}},"2":{"name":"(anonymous_2)","decl":{"start":{"line":55,"column":18},"end":{"line":55,"column":17}},"loc":{"start":{"line":55,"column":24},"end":{"line":13,"column":31}}},"3":{"name":"(anonymous_3)","decl":{"start":{"line":71,"column":17},"end":{"line":71,"column":18}},"loc":{"start":{"line":71,"column":31},"end":{"line":13,"column":31}}},"4":{"name":"(anonymous_4)","decl":{"start":{"line":75,"column":2},"end":{"line":75,"column":7}},"loc":{"start":{"line":75,"column":11},"end":{"line":108,"column":3}}},"5":{"name":"(anonymous_5)","decl":{"start":{"line":111,"column":24},"end":{"line":111,"column":28}},"loc":{"start":{"line":111,"column":34},"end":{"line":111,"column":29}}},"6":{"name":"(anonymous_6)","decl":{"start":{"line":117,"column":27},"end":{"line":117,"column":34}},"loc":{"start":{"line":117,"column":39},"end":{"line":117,"column":0}}}},"branchMap":{"0":{"loc":{"start":{"line":32,"column":4},"end":{"line":35,"column":5}},"type":"if","locations":[{"start":{"line":32,"column":4},"end":{"line":35,"column":5}},{"start":{"line":32,"column":4},"end":{"line":35,"column":5}}]},"1":{"loc":{"start":{"line":36,"column":4},"end":{"line":39,"column":5}},"type":"if","locations":[{"start":{"line":36,"column":4},"end":{"line":39,"column":5}},{"start":{"line":36,"column":4},"end":{"line":39,"column":5}}]},"2":{"loc":{"start":{"line":40,"column":4},"end":{"line":43,"column":5}},"type":"if","locations":[{"start":{"line":40,"column":4},"end":{"line":43,"column":5}},{"start":{"line":40,"column":4},"end":{"line":43,"column":5}}]},"3":{"loc":{"start":{"line":44,"column":4},"end":{"line":47,"column":5}},"type":"if","locations":[{"start":{"line":44,"column":4},"end":{"line":47,"column":5}},{"start":{"line":44,"column":4},"end":{"line":47,"column":5}}]},"4":{"loc":{"start":{"line":48,"column":4},"end":{"line":51,"column":5}},"type":"if","locations":[{"start":{"line":48,"column":4},"end":{"line":51,"column":5}},{"start":{"line":48,"column":4},"end":{"line":51,"column":5}}]},"5":{"loc":{"start":{"line":57,"column":4},"end":{"line":68,"column":5}},"type":"if","locations":[{"start":{"line":57,"column":4},"end":{"line":68,"column":5}},{"start":{"line":57,"column":4},"end":{"line":68,"column":5}}]},"6":{"loc":{"start":{"line":95,"column":13},"end":{"line":95,"column":18}},"type":"binary-expr","locations":[{"start":{"line":95,"column":
[...]
,"/Users/plinio/node/bootcamp5/Meetapp/frontend/src/store/ducks/user.js": {"path":"/Users/plinio/node/bootcamp5/Meetapp/frontend/src/store/ducks/user.js","statementMap":{"0":{"start":{"line":5,"column":21},"end":{"line":13,"column":1}},"1":{"start":{"line":18,"column":22},"end":{"line":22,"column":1}},"2":{"start":{"line":25,"column":2},"end":{"line":49,"column":3}},"3":{"start":{"line":30,"column":6},"end":{"line":30,"column":51}},"4":{"start":{"line":32,"column":6},"end":{"line":37,"column":7}},"5":{"start":{"line":39,"column":6},"end":{"line":44,"column":7}},"6":{"start":{"line":46,"column":6},"end":{"line":46,"column":70}},"7":{"start":{"line":48,"column":6},"end":{"line":48,"column":18}},"8":{"start":{"line":55,"column":24},"end":{"line":105,"column":1}},"9":{"start":{"line":58,"column":9},"end":{"line":66,"column":3}},"10":{"start":{"line":70,"column":9},"end":{"line":79,"column":3}},"11":{"start":{"line":81,"column":32},"end":{"line":84,"column":3}},"12":{"start":{"line":86,"column":27},"end":{"line":89,"column":3}},"13":{"start":{"line":91,"column":24},"end":{"line":94,"column":3}},"14":{"start":{"line":96,"column":29},"end":{"line":99,"column":3}},"15":{"start":{"line":101,"column":25},"end":{"line":104,"column":3}}},"fnMap":{"0":{"name":"user","decl":{"start":{"line":24,"column":24},"end":{"line":24,"column":28}},"loc":{"start":{"line":24,"column":60},"end":{"line":50,"column":1}},"line":24},"1":{"name":"(anonymous_1)","decl":{"start":{"line":56,"column":18},"end":{"line":56,"column":19}},"loc":{"start":{"line":58,"column":9},"end":{"line":66,"column":3}},"line":58},"2":{"name":"(anonymous_2)","decl":{"start":{"line":68,"column":21},"end":{"line":68,"column":22}},"loc":{"start":{"line":70,"column":9},"end":{"line":79,"column":3}},"line":70},"3":{"name":"(anonymous_3)","decl":{"start":{"line":81,"column":23},"end":{"line":81,"column":24}},"loc":{"start":{"line":81,"column":32},"end":{"line":84,"column":3}},"line":81},"4":{"name":"(anonymous_4)","decl":{"start":{"line":86,"column":18},"end":{"line":86,"column":19}},"loc":{"start":{"line":86,"column":27},"end":{"line":89,"column":3}},"line":86},"5":{"name":"(anonymous_5)","decl":{"start":{"line":91,"column":15},"end":{"line":91,"column":16}},"loc":{"start":{"line":91,"column":24},"end":{"line":94,"column":3}},"line":91},"6":{"name":"(anonymous_6)","decl":{"start":{"line":96,"column":20},"end":{"line":96,"column":21}},"loc":{"start":{"line":96,"column":29},"end":{"line":99,"column":3}},"line":96},"7":{"name":"(anonymous_7)","decl":{"start":{"line":101,"column":15},"end":{"line":101,"column":16}},"loc":{"start":{"line":101,"column":25},"end":{"line":104,"column":3}},"line":101}},"branchMap":{"0":{"loc":{"start":{"line":24,"column":29},"end":{"line":24,"column":50}},"type":"default-arg","locations":[{"start":{"line":24,"column":37},"end":{"line":24,"column":50}}],"line":24},"1":{"loc":{"start":{"line":25,"column":2},"end":{"line":49,"column":3}},"type":"switch","locations":[{"start":{"line":26,"column":4},"end":{"line":26,"column":27}},{"start":{"line":27,"column":4},"end":{"line":27,"column":30}},{"start":{"line":28,"column":4},"end":{"line":28,"column":27}},{"start":{"line":29,"column":4},"end":{"line":30,"column":51}},{"start":{"line":31,"column":4},"end":{"line":37,"column":7}},{"start":{"line":38,"column":4},"end":{"line":44,"column":7}},{"start":{"line":45,"column":4},"end":{"line":46,"column":70}},{"start":{"line":47,"column":4},"end":{"line":48,"column":18}}],"line":25}},"s":{"0":2,"1":2,"2":7,"3":4,"4":1,"5":1,"6":1,"7":0,"8":2,"9":1,"10":1,"11":1,"12":1,"13":7,"14":3,"15":7},"f":{"0":7,"1":1,"2":1,"3":1,"4":1,"5":7,"6":3,"7":7},"b":{"0":[0],"1":[1,2,3,4,1,1,1,0]},"_coverageSchema":"332fd63041d2c1bcb487cc26dd0d5f7d97098a6c","hash":"aa0addbaeb5239d7a78683fd98d2679ce88c9909"}
,"/Users/plinio/node/bootcamp5/Meetapp/frontend/src/store/sagas/auth.js": {"path":"/Users/plinio/node/bootcamp5/Meetapp/frontend/src/store/sagas/auth.js","statementMap":{"0":{"start":{"line":8,"column":2},"end":{"line":20,"column":3}},"1":{"start":{"line":9,"column":32},"end":{"line":9,"column":39}},"2":{"start":{"line":10,"column":21},"end":{"line":10,"column":75}},"3":{"start":{"line":11,"column":28},"end":{"line":11,"column":32}},"4":{"start":{"line":12,"column":4},"end":{"line":12,"column":16}},"5":{"start":{"line":13,"column":4},"end":{"line":13,"column":47}},"6":{"start":{"line":14,"column":47},"end":{"line":14,"column":54}},"7":{"start":{"line":15,"column":18},"end":{"line":15,"column":63}},"8":{"start":{"line":16,"column":4},"end":{"line":16,"column":26}},"9":{"start":{"line":18,"column":20},"end":{"line":18,"column":80}},"10":{"start":{"line":19,"column":4},"end":{"line":19,"column":55}}},"fnMap":{"0":{"name":"signin","decl":{"start":{"line":7,"column":17},"end":{"line":7,"column":23}},"loc":{"start":{"line":7,"column":37},"end":{"line":21,"column":1}},"line":7}},"branchMap":{"0":{"loc":{"start":{"line":15,"column":18},"end":{"line":15,"column":63}},"type":"cond-expr","locations":[{"start":{"line":15,"column":34},"end":{"line":15,"column":48}},{"start":{"line":15,"column":51},"end":{"line":15,"column":63}}],"line":15}},"s":{"0":2,"1":2,"2":2,"3":1,"4":1,"5":1,"6":1,"7":1,"8":1,"9":1,"10":1},"f":{"0":2},"b":{"0":[1,0]},"_coverageSchema":"332fd63041d2c1bcb487cc26dd0d5f7d97098a6c","hash":"0c7aa62653e1796e5572de37cb6250e9ae4e31bb"}
,"/Users/plinio/node/bootcamp5/Meetapp/frontend/src/store/sagas/index.js": {"path":"/Users/plinio/node/bootcamp5/Meetapp/frontend/src/store/sagas/index.js","statementMap":{"0":{"start":{"line":1,"column":0},"end":{"line":null,"column":-1}},"1":{"start":{"line":2,"column":0},"end":{"line":null,"column":-1}},"2":{"start":{"line":3,"column":0},"end":{"line":null,"column":-1}},"3":{"start":{"line":5,"column":0},"end":{"line":null,"column":-1}},"4":{"start":{"line":6,"column":0},"end":{"line":null,"column":-1}},"5":{"start":{"line":8,"column":0},"end":{"line":null,"column":-1}},"6":{"start":{"line":9,"column":0},"end":{"line":null,"column":-1}},"7":{"start":{"line":13,"column":0},"end":{"line":null,"column":-1}},"8":{"start":{"line":16,"column":0},"end":{"line":null,"column":-1}},"9":{"start":{"line":20,"column":21},"end":{"line":20,"column":2}},"10":{"start":{"line":21,"column":18},"end":{"line":21,"column":2}},"11":{"start":{"line":22,"column":21},"end":{"line":22,"column":2}},"12":{"start":{"line":23,"column":18},"end":{"line":23,"column":2}},"13":{"start":{"line":24,"column":26},"end":{"line":24,"column":2}},"14":{"start":{"line":27,"column":20},"end":{"line":27,"column":2}},"15":{"start":{"line":28,"column":23},"end":{"line":28,"column":2}},"16":{"start":{"line":29,"column":20},"end":{"line":29,"column":2}},"17":{"start":{"line":30,"column":23},"end":{"line":30,"column":2}},"18":{"start":{"line":31,"column":24},"end":{"line":31,"column":2}},"19":{"start":{"line":33,"column":2},"end":{"line":null,"column":-1}}},"fnMap":{"0":{"name":"rootSaga","decl":{"start":{"line":18,"column":25},"end":{"line":18,"column":15}},"loc":{"start":{"line":18,"column":36},"end":{"line":45,"column":1}}}},"branchMap":{},"s":{"0":0,"1":0,"2":0,"3":0,"4":0,"5":0,"6":0,"7":0,"8":0,"9":0,"10":0,"11":0,"12":0,"13":0,"14":0,"15":0,"16":0,"17":0,"18":0,"19":0},"f":{"0":0},"b":{}}
,"/Users/plinio/node/bootcamp5/Meetapp/frontend/src/store/sagas/meetup.js": {"path":"/Users/plinio/node/bootcamp5/Meetapp/frontend/src/store/sagas/meetup.js","statementMap":{"0":{"start":{"line":1,"column":0},"end":{"line":null,"column":-1}},"1":{"start":{"line":2,"column":0},"end":{"line":null,"column":-1}},"2":{"start":{"line":3,"column":0},"end":{"line":null,"column":-1}},"3":{"start":{"line":4,"column":0},"end":{"line":null,"column":-1}},"4":{"start":{"line":5,"column":0},"end":{"line":null,"column":-1}},"5":{"start":{"line":8,"column":2},"end":{"line":17,"column":3}},"6":{"start":{"line":9,"column":32},"end":{"line":8,"column":6}},"7":{"start":{"line":10,"column":21},"end":{"line":8,"column":6}},"8":{"start":{"line":8,"column":6},"end":{"line":8,"column":5}},"9":{"start":{"line":11,"column":4},"end":{"line":null,"column":-1}},"10":{"start":{"line":12,"column":4},"end":{"line":null,"column":-1}},"11":{"start":{"line":13,"column":4},"end":{"line":null,"column":-1}},"12":{"start":{"line":15,"column":20},"end":{"line":15,"column":4}},"13":{"start":{"line":16,"column":4},"end":{"line":null,"column":-1}},"14":{"start":{"line":21,"column":2},"end":{"line":28,"column":3}},"15":{"start":{"line":22,"column":32},"end":{"line":21,"column":6}},"16":{"start":{"line":23,"column":21},"end":{"line":21,"column":6}},"17":{"start":{"line":21,"column":6},"end":{"line":21,"column":5}},"18":{"start":{"line":24,"column":4},"end":{"line":null,"column":-1}},"19":{"start":{"line":26,"column":20},"end":{"line":26,"column":4}},"20":{"start":{"line":27,"column":4},"end":{"line":null,"column":-1}},"21":{"start":{"line":32,"column":2},"end":{"line":41,"column":3}},"22":{"start":{"line":33,"column":32},"end":{"line":32,"column":6}},"23":{"start":{"line":34,"column":21},"end":{"line":32,"column":6}},"24":{"start":{"line":32,"column":6},"end":{"line":32,"column":5}},"25":{"start":{"line":35,"column":4},"end":{"line":null,"column":-1}},"26":{"start":{"line":36,"column":4},"end":{"line":null,"column":-1}},"27":{"start":{"line":37,"column":4},"end":{"line":null,"column":-1}},"28":{"start":{"line":39,"column":20},"end":{"line":39,"column":4}},"29":{"start":{"line":40,"column":4},"end":{"line":null,"column":-1}},"30":{"start":{"line":45,"column":2},"end":{"line":54,"column":3}},"31":{"start":{"line":46,"column":32},"end":{"line":45,"column":6}},"32":{"start":{"line":47,"column":21},"end":{"line":45,"column":6}},"33":{"start":{"line":45,"column":6},"end":{"line":45,"column":5}},"34":{"start":{"line":48,"column":4},"end":{"line":null,"column":-1}},"35":{"start":{"line":49,"column":4},"end":{"line":null,"column":-1}},"36":{"start":{"line":50,"column":4},"end":{"line":null,"column":-1}},"37":{"start":{"line":52,"column":20},"end":{"line":52,"column":4}},"38":{"start":{"line":53,"column":4},"end":{"line":null,"column":-1}}},"fnMap":{"0":{"name":"addMeetup","decl":{"start":{"line":7,"column":17},"end":{"line":7,"column":7}},"loc":{"start":{"line":7,"column":35},"end":{"line":18,"column":1}}},"1":{"name":"getMeetup","decl":{"start":{"line":20,"column":17},"end":{"line":20,"column":7}},"loc":{"start":{"line":20,"column":35},"end":{"line":29,"column":1}}},"2":{"name":"signUpMeetup","decl":{"start":{"line":31,"column":17},"end":{"line":31,"column":7}},"loc":{"start":{"line":31,"column":38},"end":{"line":42,"column":1}}},"3":{"name":"signOffMeetup","decl":{"start":{"line":44,"column":17},"end":{"line":44,"column":7}},"loc":{"start":{"line":44,"column":39},"end":{"line":55,"column":1}}}},"branchMap":{},"s":{"0":0,"1":0,"2":0,"3":0,"4":0,"5":0,"6":0,"7":0,"8":0,"9":0,"10":0,"11":0,"12":0,"13":0,"14":0,"15":0,"16":0,"17":0,"18":0,"19":0,"20":0,"21":0,"22":0,"23":0,"24":0,"25":0,"26":0,"27":0,"28":0,"29":0,"30":0,"31":0,"32":0,"33":0,"34":0,"35":0,"36":0,"37":0,"38":0},"f":{"0":0,"1":0,"2":0,"3":0},"b":{}}
,"/Users/plinio/node/bootcamp5/Meetapp/frontend/src/store/sagas/search.js": {"path":"/Users/plinio/node/bootcamp5/Meetapp/frontend/src/store/sagas/search.js","statementMap":{"0":{"start":{"line":6,"column":2},"end":{"line":37,"column":3}},"1":{"start":{"line":7,"column":32},"end":{"line":7,"column":38}},"2":{"start":{"line":8,"column":22},"end":{"line":8,"column":24}},"3":{"start":{"line":9,"column":4},"end":{"line":15,"column":5}},"4":{"start":{"line":10,"column":31},"end":{"line":13,"column":7}},"5":{"start":{"line":14,"column":6},"end":{"line":14,"column":31}},"6":{"start":{"line":17,"column":4},"end":{"line":23,"column":5}},"7":{"start":{"line":18,"column":34},"end":{"line":21,"column":7}},"8":{"start":{"line":22,"column":6},"end":{"line":22,"column":37}},"9":{"start":{"line":25,"column":4},"end":{"line":31,"column":5}},"10":{"start":{"line":26,"column":36},"end":{"line":29,"column":7}},"11":{"start":{"line":30,"column":6},"end":{"line":30,"column":41}},"12":{"start":{"line":33,"column":4},"end":{"line":33,"column":53}},"13":{"start":{"line":35,"column":20},"end":{"line":35,"column":45}},"14":{"start":{"line":36,"column":4},"end":{"line":36,"column":59}}},"fnMap":{"0":{"name":"searchMeetups","decl":{"start":{"line":5,"column":17},"end":{"line":5,"column":30}},"loc":{"start":{"line":5,"column":39},"end":{"line":38,"column":1}},"line":5}},"branchMap":{"0":{"loc":{"start":{"line":9,"column":4},"end":{"line":15,"column":5}},"type":"if","locations":[{"start":{"line":9,"column":4},"end":{"line":15,"column":5}},{"start":{"line":9,"column":4},"end":{"line":15,"column":5}}],"line":9},"1":{"loc":{"start":{"line":9,"column":8},"end":{"line":9,"column":59}},"type":"binary-expr","locations":[{"start":{"line":9,"column":8},"end":{"line":9,"column":33}},{"start":{"line":9,"column":37},"end":{"line":9,"column":59}}],"line":9},"2":{"loc":{"start":{"line":17,"column":4},"end":{"line":23,"column":5}},"type":"if","locations":[{"start":{"line":17,"column":4},"end":{"line":23,"column":5}},{"start":{"line":17,"column":4},"end":{"line":23,"column":5}}],"line":17},"3":{"loc":{"start":{"line":17,"column":8},"end":{"line":17,"column":62}},"type":"binary-expr","locations":[{"start":{"line":17,"column":8},"end":{"line":17,"column":36}},{"start":{"line":17,"column":40},"end":{"line":17,"column":62}}],"line":17},"4":{"loc":{"start":{"line":25,"column":4},"end":{"line":31,"column":5}},"type":"if","locations":[{"start":{"line":25,"column":4},"end":{"line":31,"column":5}},{"start":{"line":25,"column":4},"end":{"line":31,"column":5}}],"line":25},"5":{"loc":{"start":{"line":25,"column":8},"end":{"line":25,"column":64}},"type":"binary-expr","locations":[{"start":{"line":25,"column":8},"end":{"line":25,"column":38}},{"start":{"line":25,"column":42},"end":{"line":25,"column":64}}],"line":25}},"s":{"0":2,"1":2,"2":2,"3":2,"4":2,"5":1,"6":1,"7":1,"8":1,"9":1,"10":1,"11":1,"12":1,"13":1,"14":1},"f":{"0":2},"b":{"0":[2,0],"1":[2,2],"2":[1,0],"3":[1,1],"4":[1,0],"5":[1,1]},"_coverageSchema":"332fd63041d2c1bcb487cc26dd0d5f7d97098a6c","hash":"95949287117bfa5e6d56707d0e774b48ab36b8cb"}
,"/Users/plinio/node/bootcamp5/Meetapp/frontend/src/store/sagas/user.js": {"path":"/Users/plinio/node/bootcamp5/Meetapp/frontend/src/store/sagas/user.js","statementMap":{"0":{"start":{"line":9,"column":2},"end":{"line":18,"column":3}},"1":{"start":{"line":10,"column":30},"end":{"line":10,"column":36}},"2":{"start":{"line":11,"column":21},"end":{"line":11,"column":58}},"3":{"start":{"line":12,"column":4},"end":{"line":12,"column":44}},"4":{"start":{"line":13,"column":4},"end":{"line":13,"column":44}},"5":{"start":{"line":14,"column":4},"end":{"line":14,"column":44}},"6":{"start":{"line":16,"column":20},"end":{"line":16,"column":49}},"7":{"start":{"line":17,"column":4},"end":{"line":17,"column":55}},"8":{"start":{"line":22,"column":2},"end":{"line":31,"column":3}},"9":{"start":{"line":23,"column":30},"end":{"line":23,"column":36}},"10":{"start":{"line":24,"column":21},"end":{"line":24,"column":67}},"11":{"start":{"line":25,"column":4},"end":{"line":25,"column":44}},"12":{"start":{"line":26,"column":4},"end":{"line":26,"column":42}},"13":{"start":{"line":27,"column":4},"end":{"line":27,"column":33}},"14":{"start":{"line":29,"column":20},"end":{"line":29,"column":49}},"15":{"start":{"line":30,"column":4},"end":{"line":30,"column":55}},"16":{"start":{"line":35,"column":2},"end":{"line":43,"column":3}},"17":{"start":{"line":36,"column":30},"end":{"line":36,"column":36}},"18":{"start":{"line":37,"column":21},"end":{"line":37,"column":61}},"19":{"start":{"line":38,"column":4},"end":{"line":38,"column":45}},"20":{"start":{"line":39,"column":4},"end":{"line":39,"column":44}},"21":{"start":{"line":41,"column":20},"end":{"line":41,"column":46}},"22":{"start":{"line":42,"column":4},"end":{"line":42,"column":55}},"23":{"start":{"line":47,"column":2},"end":{"line":53,"column":3}},"24":{"start":{"line":48,"column":30},"end":{"line":48,"column":36}},"25":{"start":{"line":49,"column":4},"end":{"line":49,"column":49}},"26":{"start":{"line":51,"column":20},"end":{"line":51,"column":69}},"27":{"start":{"line":52,"column":4},"end":{"line":52,"column":55}}},"fnMap":{"0":{"name":"addUser","decl":{"start":{"line":8,"column":17},"end":{"line":8,"column":24}},"loc":{"start":{"line":8,"column":33},"end":{"line":19,"column":1}},"line":8},"1":{"name":"updateUser","decl":{"start":{"line":21,"column":17},"end":{"line":21,"column":27}},"loc":{"start":{"line":21,"column":36},"end":{"line":32,"column":1}},"line":21},"2":{"name":"getUser","decl":{"start":{"line":34,"column":17},"end":{"line":34,"column":24}},"loc":{"start":{"line":34,"column":33},"end":{"line":44,"column":1}},"line":34},"3":{"name":"changeStateUser","decl":{"start":{"line":46,"column":17},"end":{"line":46,"column":32}},"loc":{"start":{"line":46,"column":41},"end":{"line":54,"column":1}},"line":46}},"branchMap":{},"s":{"0":2,"1":2,"2":2,"3":1,"4":1,"5":1,"6":1,"7":1,"8":2,"9":2,"10":2,"11":1,"12":1,"13":1,"14":1,"15":1,"16":2,"17":2,"18":2,"19":1,"20":1,"21":1,"22":1,"23":1,"24":1,"25":1,"26":0,"27":0},"f":{"0":2,"1":2,"2":2,"3":1},"b":{},"_coverageSchema":"332fd63041d2c1bcb487cc26dd0d5f7d97098a6c","hash":"81c2f23cb3fb13cbcf8310679c127a7ff6850952"}
,"/Users/plinio/node/bootcamp5/Meetapp/frontend/src/styles/colors.js": {"path":"/Users/plinio/node/bootcamp5/Meetapp/frontend/src/styles/colors.js","statementMap":{},"fnMap":{},"branchMap":{},"s":{},"f":{},"b":{},"_coverageSchema":"332fd63041d2c1bcb487cc26dd0d5f7d97098a6c","hash":"379dc1207265d527ae5f2e7acad0f243d6ed767f"}
,"/Users/plinio/node/bootcamp5/Meetapp/frontend/src/styles/global.js": {"path":"/Users/plinio/node/bootcamp5/Meetapp/frontend/src/styles/global.js","statementMap":{"0":{"start":{"line":1,"column":0},"end":{"line":null,"column":-1}},"1":{"start":{"line":3,"column":0},"end":{"line":null,"column":-1}},"2":{"start":{"line":4,"column":0},"end":{"line":null,"column":-1}},"3":{"start":{"line":6,"column":20},"end":{"line":6,"column":0}}},"fnMap":{},"branchMap":{},"s":{"0":0,"1":0,"2":0,"3":0},"f":{},"b":{}}
,"/Users/plinio/node/bootcamp5/Meetapp/frontend/src/styles/index.js": {"path":"/Users/plinio/node/bootcamp5/Meetapp/frontend/src/styles/index.js","statementMap":{},"fnMap":{},"branchMap":{},"s":{},"f":{},"b":{},"_coverageSchema":"332fd63041d2c1bcb487cc26dd0d5f7d97098a6c","hash":"a9f17d42cdaa83cf166c30827ddb71c0c3f78381"}
,"/Users/plinio/node/bootcamp5/Meetapp/frontend/src/styles/metrics.js": {"path":"/Users/plinio/node/bootcamp5/Meetapp/frontend/src/styles/metrics.js","statementMap":{"0":{"start":{"line":1,"column":13},"end":{"line":1,"column":14}}},"fnMap":{},"branchMap":{},"s":{"0":1},"f":{},"b":{},"_coverageSchema":"332fd63041d2c1bcb487cc26dd0d5f7d97098a6c","hash":"c7ea2081be927143d6dc2fa3452f77b954203159"}
,"/Users/plinio/node/bootcamp5/Meetapp/frontend/src/styles/toast.js": {"path":"/Users/plinio/node/bootcamp5/Meetapp/frontend/src/styles/toast.js","statementMap":{"0":{"start":{"line":1,"column":0},"end":{"line":null,"column":-1}},"1":{"start":{"line":2,"column":0},"end":{"line":null,"column":-1}},"2":{"start":{"line":4,"column":20},"end":{"line":4,"column":0}}},"fnMap":{},"branchMap":{},"s":{"0":0,"1":0,"2":0},"f":{},"b":{}}
}
