TN:
SF:/Users/plinio/node/bootcamp5/Meetapp/frontend/src/App.js
FN:12,(anonymous_0)
FNF:1
FNH:0
FNDA:0,(anonymous_0)
DA:1,0
DA:2,0
DA:3,0
DA:4,0
DA:5,0
DA:6,0
DA:7,0
DA:8,0
DA:9,0
DA:10,0
DA:12,0
DA:13,0
LF:12
LH:0
BRF:0
BRH:0
end_of_record
TN:
SF:/Users/plinio/node/bootcamp5/Meetapp/frontend/src/index.js
FNF:0
FNH:0
DA:1,0
DA:2,0
DA:3,0
DA:5,0
LF:4
LH:0
BRF:0
BRH:0
end_of_record
TN:
SF:/Users/plinio/node/bootcamp5/Meetapp/frontend/src/setupTests.js
FNF:0
FNH:0
DA:4,11
LF:1
LH:1
BRF:0
BRH:0
end_of_record
TN:
SF:/Users/plinio/node/bootcamp5/Meetapp/frontend/src/components/Header/index.js
FN:8,(anonymous_0)
FN:33,(anonymous_1)
FNF:2
FNH:1
FNDA:4,(anonymous_0)
FNDA:0,(anonymous_1)
DA:8,2
DA:9,4
DA:33,0
LF:3
LH:2
BRF:0
BRH:0
end_of_record
TN:
SF:/Users/plinio/node/bootcamp5/Meetapp/frontend/src/components/Header/styles.js
FNF:0
FNH:0
DA:5,2
DA:25,2
DA:42,2
LF:3
LH:3
BRF:0
BRH:0
end_of_record
TN:
SF:/Users/plinio/node/bootcamp5/Meetapp/frontend/src/components/MeetupList/index.js
FN:37,(anonymous_0)
FN:39,(anonymous_1)
FN:43,(anonymous_2)
FN:59,(anonymous_3)
FN:67,(anonymous_4)
FN:84,(anonymous_5)
FN:96,(anonymous_6)
FN:109,(anonymous_7)
FN:121,(anonymous_8)
FNF:9
FNH:9
FNDA:4,(anonymous_0)
FNDA:4,(anonymous_1)
FNDA:3,(anonymous_2)
FNDA:12,(anonymous_3)
FNDA:3,(anonymous_4)
FNDA:1,(anonymous_5)
FNDA:1,(anonymous_6)
FNDA:1,(anonymous_7)
FNDA:1,(anonymous_8)
DA:37,4
DA:40,4
DA:42,4
DA:43,4
DA:46,3
DA:48,3
DA:56,4
DA:60,12
DA:61,12
DA:62,12
DA:64,12
DA:68,3
DA:84,1
DA:96,1
DA:109,1
DA:121,1
LF:16
LH:16
BRDA:52,0,0,3
BRDA:52,0,1,0
BRDA:77,1,0,12
BRDA:77,1,1,0
BRF:4
BRH:2
end_of_record
TN:
SF:/Users/plinio/node/bootcamp5/Meetapp/frontend/src/components/MeetupList/styles.js
FNF:0
FNH:0
DA:5,2
DA:13,2
DA:22,2
DA:45,2
DA:49,2
LF:5
LH:5
BRF:0
BRH:0
end_of_record
TN:
SF:/Users/plinio/node/bootcamp5/Meetapp/frontend/src/components/MeetupList/MeetupCard/index.js
FN:21,(anonymous_0)
FN:27,(anonymous_1)
FNF:2
FNH:0
FNDA:0,(anonymous_0)
FNDA:0,(anonymous_1)
DA:22,0
DA:23,0
DA:24,0
DA:30,0
DA:32,0
DA:33,0
LF:6
LH:0
BRDA:22,0,0,0
BRDA:22,0,1,0
BRDA:23,1,0,0
BRDA:23,1,1,0
BRF:4
BRH:0
end_of_record
TN:
SF:/Users/plinio/node/bootcamp5/Meetapp/frontend/src/components/MeetupList/MeetupCard/styles.js
FNF:0
FNH:0
DA:5,2
DA:20,2
DA:39,2
DA:45,2
LF:4
LH:4
BRF:0
BRH:0
end_of_record
TN:
SF:/Users/plinio/node/bootcamp5/Meetapp/frontend/src/components/PreferencesList/index.js
FN:22,(anonymous_0)
FN:30,(anonymous_1)
FN:35,(anonymous_2)
FN:39,(anonymous_3)
FN:46,(anonymous_4)
FN:48,(anonymous_5)
FN:56,(anonymous_6)
FN:59,(anonymous_7)
FN:65,(anonymous_8)
FN:78,(anonymous_9)
FN:92,(anonymous_10)
FN:97,(anonymous_11)
FN:111,(anonymous_12)
FN:113,(anonymous_13)
FNF:14
FNH:0
FNDA:0,(anonymous_0)
FNDA:0,(anonymous_1)
FNDA:0,(anonymous_2)
FNDA:0,(anonymous_3)
FNDA:0,(anonymous_4)
FNDA:0,(anonymous_5)
FNDA:0,(anonymous_6)
FNDA:0,(anonymous_7)
FNDA:0,(anonymous_8)
FNDA:0,(anonymous_9)
FNDA:0,(anonymous_10)
FNDA:0,(anonymous_11)
FNDA:0,(anonymous_12)
FNDA:0,(anonymous_13)
DA:1,0
DA:2,0
DA:3,0
DA:4,0
DA:5,0
DA:6,0
DA:8,0
DA:22,0
DA:23,0
DA:24,0
DA:30,0
DA:31,0
DA:32,0
DA:36,0
DA:40,0
DA:41,0
DA:43,0
DA:44,0
DA:46,0
DA:47,0
DA:48,0
DA:49,0
DA:50,0
DA:53,0
DA:57,0
DA:58,0
DA:59,0
DA:60,0
DA:61,0
DA:62,0
DA:66,0
DA:67,0
DA:68,0
DA:70,0
DA:71,0
DA:72,0
DA:74,0
DA:75,0
DA:78,0
DA:79,0
DA:80,0
DA:81,0
DA:93,0
DA:94,0
DA:97,0
DA:111,0
DA:113,0
LF:47
LH:0
BRDA:49,0,0,0
BRDA:49,0,1,0
BRDA:93,1,0,0
BRDA:93,1,1,0
BRF:4
BRH:0
end_of_record
TN:
SF:/Users/plinio/node/bootcamp5/Meetapp/frontend/src/components/PreferencesList/styles.js
FNF:0
FNH:0
DA:1,0
DA:3,0
DA:5,0
DA:30,0
LF:4
LH:0
BRF:0
BRH:0
end_of_record
TN:
SF:/Users/plinio/node/bootcamp5/Meetapp/frontend/src/components/Upload/index.js
FN:7,(anonymous_0)
FN:22,(anonymous_1)
FN:45,(anonymous_2)
FN:52,(anonymous_3)
FN:68,(anonymous_4)
FNF:5
FNH:0
FNDA:0,(anonymous_0)
FNDA:0,(anonymous_1)
FNDA:0,(anonymous_2)
FNDA:0,(anonymous_3)
FNDA:0,(anonymous_4)
DA:1,0
DA:2,0
DA:3,0
DA:5,0
DA:7,0
DA:23,0
DA:24,0
DA:25,0
DA:26,0
DA:27,0
DA:28,0
DA:31,0
DA:32,0
DA:33,0
DA:37,0
DA:39,0
DA:41,0
DA:46,0
DA:47,0
DA:52,0
DA:53,0
DA:54,0
DA:55,0
DA:56,0
DA:58,0
DA:69,0
LF:26
LH:0
BRDA:56,0,0,0
BRDA:56,0,1,0
BRDA:60,1,0,0
BRDA:60,1,1,0
BRDA:63,2,0,0
BRDA:63,2,1,0
BRF:6
BRH:0
end_of_record
TN:
SF:/Users/plinio/node/bootcamp5/Meetapp/frontend/src/components/Upload/styles.js
FN:34,(anonymous_0)
FNF:1
FNH:0
FNDA:0,(anonymous_0)
DA:1,0
DA:3,0
DA:5,0
DA:24,0
DA:34,0
DA:49,0
LF:6
LH:0
BRDA:35,0,0,0
BRDA:35,0,1,0
BRF:2
BRH:0
end_of_record
TN:
SF:/Users/plinio/node/bootcamp5/Meetapp/frontend/src/components/UserInputs/index.js
FN:6,(anonymous_0)
FN:13,(anonymous_1)
FN:22,(anonymous_2)
FN:30,(anonymous_3)
FN:38,(anonymous_4)
FNF:5
FNH:0
FNDA:0,(anonymous_0)
FNDA:0,(anonymous_1)
FNDA:0,(anonymous_2)
FNDA:0,(anonymous_3)
FNDA:0,(anonymous_4)
DA:1,0
DA:2,0
DA:4,0
DA:6,0
DA:7,0
DA:13,0
DA:22,0
DA:30,0
DA:38,0
DA:45,0
LF:10
LH:0
BRDA:8,0,0,0
BRDA:8,0,1,0
BRDA:9,1,0,0
BRDA:9,1,1,0
BRDA:17,2,0,0
BRDA:17,2,1,0
BRDA:18,3,0,0
BRDA:18,3,1,0
BRDA:33,4,0,0
BRDA:33,4,1,0
BRDA:34,5,0,0
BRDA:34,5,1,0
BRF:12
BRH:0
end_of_record
TN:
SF:/Users/plinio/node/bootcamp5/Meetapp/frontend/src/components/UserInputs/styles.js
FNF:0
FNH:0
DA:1,0
DA:3,0
DA:5,0
DA:15,0
DA:21,0
LF:5
LH:0
BRF:0
BRH:0
end_of_record
TN:
SF:/Users/plinio/node/bootcamp5/Meetapp/frontend/src/config/reactotron.js
FNF:0
FNH:0
DA:1,0
DA:2,0
DA:3,0
DA:5,0
DA:6,0
DA:11,0
DA:13,0
LF:7
LH:0
BRDA:5,0,0,0
BRDA:5,0,1,0
BRF:2
BRH:0
end_of_record
TN:
SF:/Users/plinio/node/bootcamp5/Meetapp/frontend/src/pages/dashboard/index.js
FN:19,(anonymous_0)
FN:23,(anonymous_1)
FN:28,(anonymous_2)
FN:38,(anonymous_3)
FN:51,(anonymous_4)
FN:85,(anonymous_5)
FN:90,(anonymous_6)
FNF:7
FNH:6
FNDA:2,(anonymous_0)
FNDA:1,(anonymous_1)
FNDA:3,(anonymous_2)
FNDA:3,(anonymous_3)
FNDA:0,(anonymous_4)
FNDA:2,(anonymous_5)
FNDA:2,(anonymous_6)
DA:20,2
DA:24,1
DA:25,1
DA:29,3
DA:30,3
DA:31,3
DA:41,3
DA:43,3
DA:45,3
DA:51,0
DA:55,3
DA:85,2
DA:90,2
LF:13
LH:12
BRDA:58,0,0,3
BRDA:58,0,1,3
BRF:2
BRH:2
end_of_record
TN:
SF:/Users/plinio/node/bootcamp5/Meetapp/frontend/src/pages/dashboard/propTypes.js
FNF:0
FNH:0
DA:3,1
LF:1
LH:1
BRF:0
BRH:0
end_of_record
TN:
SF:/Users/plinio/node/bootcamp5/Meetapp/frontend/src/pages/dashboard/styles.js
FNF:0
FNH:0
DA:5,1
DA:24,1
DA:40,1
DA:52,1
LF:4
LH:4
BRF:0
BRH:0
end_of_record
TN:
SF:/Users/plinio/node/bootcamp5/Meetapp/frontend/src/pages/meetupDetail/index.js
FN:20,(anonymous_0)
FN:44,(anonymous_1)
FN:50,(anonymous_2)
FN:56,(anonymous_3)
FN:59,(anonymous_4)
FN:64,(anonymous_5)
FN:96,(anonymous_6)
FN:106,(anonymous_7)
FN:113,(anonymous_8)
FNF:9
FNH:0
FNDA:0,(anonymous_0)
FNDA:0,(anonymous_1)
FNDA:0,(anonymous_2)
FNDA:0,(anonymous_3)
FNDA:0,(anonymous_4)
FNDA:0,(anonymous_5)
FNDA:0,(anonymous_6)
FNDA:0,(anonymous_7)
FNDA:0,(anonymous_8)
DA:1,0
DA:2,0
DA:3,0
DA:4,0
DA:5,0
DA:6,0
DA:7,0
DA:8,0
DA:10,0
DA:20,0
DA:44,0
DA:45,0
DA:46,0
DA:47,0
DA:51,0
DA:52,0
DA:53,0
DA:56,0
DA:57,0
DA:58,0
DA:59,0
DA:60,0
DA:61,0
DA:64,0
DA:71,0
DA:75,0
DA:76,0
DA:77,0
DA:78,0
DA:81,0
DA:82,0
DA:96,0
DA:106,0
DA:113,0
LF:34
LH:0
BRDA:51,0,0,0
BRDA:51,0,1,0
BRDA:52,1,0,0
BRDA:52,1,1,0
BRDA:58,2,0,0
BRDA:58,2,1,0
BRDA:60,3,0,0
BRDA:60,3,1,0
BRDA:76,4,0,0
BRDA:76,4,1,0
BRDA:77,5,0,0
BRDA:77,5,1,0
BRDA:79,6,0,0
BRDA:79,6,1,0
BRDA:86,7,0,0
BRDA:86,7,1,0
BRDA:97,8,0,0
BRDA:97,8,1,0
BRF:18
BRH:0
end_of_record
TN:
SF:/Users/plinio/node/bootcamp5/Meetapp/frontend/src/pages/meetupDetail/styles.js
FNF:0
FNH:0
DA:1,0
DA:3,0
DA:5,0
DA:31,0
DA:35,0
DA:42,0
DA:49,0
DA:53,0
DA:61,0
LF:9
LH:0
BRF:0
BRH:0
end_of_record
TN:
SF:/Users/plinio/node/bootcamp5/Meetapp/frontend/src/pages/newMeetup/index.js
FN:25,(anonymous_0)
FN:40,(anonymous_1)
FN:44,(anonymous_2)
FN:48,(anonymous_3)
FN:55,(anonymous_4)
FN:97,(anonymous_5)
FN:106,(anonymous_6)
FN:108,(anonymous_7)
FN:115,(anonymous_8)
FN:138,(anonymous_9)
FN:146,(anonymous_10)
FN:153,(anonymous_11)
FN:166,(anonymous_12)
FN:186,(anonymous_13)
FN:192,(anonymous_14)
FNF:15
FNH:0
FNDA:0,(anonymous_0)
FNDA:0,(anonymous_1)
FNDA:0,(anonymous_2)
FNDA:0,(anonymous_3)
FNDA:0,(anonymous_4)
FNDA:0,(anonymous_5)
FNDA:0,(anonymous_6)
FNDA:0,(anonymous_7)
FNDA:0,(anonymous_8)
FNDA:0,(anonymous_9)
FNDA:0,(anonymous_10)
FNDA:0,(anonymous_11)
FNDA:0,(anonymous_12)
FNDA:0,(anonymous_13)
FNDA:0,(anonymous_14)
DA:1,0
DA:2,0
DA:3,0
DA:4,0
DA:5,0
DA:6,0
DA:7,0
DA:8,0
DA:9,0
DA:10,0
DA:12,0
DA:14,0
DA:25,0
DA:26,0
DA:28,0
DA:41,0
DA:45,0
DA:48,0
DA:51,0
DA:53,0
DA:55,0
DA:57,0
DA:68,0
DA:70,0
DA:71,0
DA:72,0
DA:73,0
DA:76,0
DA:77,0
DA:78,0
DA:79,0
DA:82,0
DA:83,0
DA:84,0
DA:85,0
DA:88,0
DA:89,0
DA:90,0
DA:91,0
DA:94,0
DA:98,0
DA:99,0
DA:100,0
DA:101,0
DA:102,0
DA:107,0
DA:108,0
DA:109,0
DA:110,0
DA:112,0
DA:115,0
DA:124,0
DA:125,0
DA:127,0
DA:138,0
DA:146,0
DA:153,0
DA:167,0
DA:186,0
DA:192,0
LF:60
LH:0
BRDA:68,0,0,0
BRDA:68,0,1,0
BRDA:70,1,0,0
BRDA:70,1,1,0
BRDA:76,2,0,0
BRDA:76,2,1,0
BRDA:82,3,0,0
BRDA:82,3,1,0
BRDA:88,4,0,0
BRDA:88,4,1,0
BRDA:101,5,0,0
BRDA:101,5,1,0
BRDA:109,6,0,0
BRDA:109,6,1,0
BRDA:132,7,0,0
BRDA:132,7,1,0
BRDA:133,8,0,0
BRDA:133,8,1,0
BRDA:177,9,0,0
BRDA:177,9,1,0
BRF:20
BRH:0
end_of_record
TN:
SF:/Users/plinio/node/bootcamp5/Meetapp/frontend/src/pages/newMeetup/styles.js
FNF:0
FNH:0
DA:1,0
DA:3,0
DA:5,0
DA:25,0
DA:31,0
DA:43,0
DA:60,0
DA:80,0
LF:8
LH:0
BRF:0
BRH:0
end_of_record
TN:
SF:/Users/plinio/node/bootcamp5/Meetapp/frontend/src/pages/preferences/index.js
FN:12,(anonymous_0)
FN:27,(anonymous_1)
FN:31,(anonymous_2)
FN:38,(anonymous_3)
FN:41,(anonymous_4)
FN:48,(anonymous_5)
FN:71,(anonymous_6)
FN:77,(anonymous_7)
FNF:8
FNH:0
FNDA:0,(anonymous_0)
FNDA:0,(anonymous_1)
FNDA:0,(anonymous_2)
FNDA:0,(anonymous_3)
FNDA:0,(anonymous_4)
FNDA:0,(anonymous_5)
FNDA:0,(anonymous_6)
FNDA:0,(anonymous_7)
DA:1,0
DA:2,0
DA:3,0
DA:4,0
DA:5,0
DA:6,0
DA:10,0
DA:12,0
DA:27,0
DA:28,0
DA:29,0
DA:30,0
DA:31,0
DA:32,0
DA:39,0
DA:40,0
DA:41,0
DA:42,0
DA:43,0
DA:45,0
DA:48,0
DA:49,0
DA:50,0
DA:51,0
DA:52,0
DA:71,0
DA:77,0
LF:27
LH:0
BRDA:42,0,0,0
BRDA:42,0,1,0
BRDA:55,1,0,0
BRDA:55,1,1,0
BRDA:56,2,0,0
BRDA:56,2,1,0
BRDA:64,3,0,0
BRDA:64,3,1,0
BRF:8
BRH:0
end_of_record
TN:
SF:/Users/plinio/node/bootcamp5/Meetapp/frontend/src/pages/preferences/styles.js
FNF:0
FNH:0
DA:1,0
DA:3,0
DA:5,0
DA:14,0
DA:18,0
DA:25,0
DA:33,0
DA:39,0
LF:8
LH:0
BRF:0
BRH:0
end_of_record
TN:
SF:/Users/plinio/node/bootcamp5/Meetapp/frontend/src/pages/profile/index.js
FN:28,(anonymous_0)
FN:39,(anonymous_1)
FN:46,(anonymous_2)
FN:55,(anonymous_3)
FN:60,(anonymous_4)
FN:64,(anonymous_5)
FN:101,(anonymous_6)
FN:110,(anonymous_7)
FN:113,(anonymous_8)
FN:120,(anonymous_9)
FN:150,(anonymous_10)
FN:157,(anonymous_11)
FNF:12
FNH:0
FNDA:0,(anonymous_0)
FNDA:0,(anonymous_1)
FNDA:0,(anonymous_2)
FNDA:0,(anonymous_3)
FNDA:0,(anonymous_4)
FNDA:0,(anonymous_5)
FNDA:0,(anonymous_6)
FNDA:0,(anonymous_7)
FNDA:0,(anonymous_8)
FNDA:0,(anonymous_9)
FNDA:0,(anonymous_10)
FNDA:0,(anonymous_11)
DA:1,0
DA:2,0
DA:3,0
DA:4,0
DA:5,0
DA:6,0
DA:7,0
DA:8,0
DA:9,0
DA:28,0
DA:29,0
DA:30,0
DA:39,0
DA:40,0
DA:41,0
DA:47,0
DA:48,0
DA:49,0
DA:50,0
DA:56,0
DA:57,0
DA:61,0
DA:62,0
DA:63,0
DA:64,0
DA:65,0
DA:73,0
DA:74,0
DA:75,0
DA:76,0
DA:79,0
DA:81,0
DA:82,0
DA:83,0
DA:84,0
DA:87,0
DA:88,0
DA:89,0
DA:90,0
DA:93,0
DA:94,0
DA:95,0
DA:98,0
DA:102,0
DA:103,0
DA:104,0
DA:105,0
DA:106,0
DA:111,0
DA:112,0
DA:113,0
DA:114,0
DA:115,0
DA:117,0
DA:120,0
DA:121,0
DA:122,0
DA:123,0
DA:124,0
DA:127,0
DA:150,0
DA:157,0
LF:62
LH:0
BRDA:73,0,0,0
BRDA:73,0,1,0
BRDA:79,1,0,0
BRDA:79,1,1,0
BRDA:81,2,0,0
BRDA:81,2,1,0
BRDA:87,3,0,0
BRDA:87,3,1,0
BRDA:93,4,0,0
BRDA:93,4,1,0
BRDA:105,5,0,0
BRDA:105,5,1,0
BRDA:114,6,0,0
BRDA:114,6,1,0
BRDA:125,7,0,0
BRDA:125,7,1,0
BRDA:132,8,0,0
BRDA:132,8,1,0
BRDA:133,9,0,0
BRDA:133,9,1,0
BRDA:141,10,0,0
BRDA:141,10,1,0
BRF:22
BRH:0
end_of_record
TN:
SF:/Users/plinio/node/bootcamp5/Meetapp/frontend/src/pages/profile/styles.js
FNF:0
FNH:0
DA:1,0
DA:3,0
DA:5,0
DA:25,0
DA:31,0
LF:5
LH:0
BRF:0
BRH:0
end_of_record
TN:
SF:/Users/plinio/node/bootcamp5/Meetapp/frontend/src/pages/signin/index.js
FN:15,(anonymous_0)
FN:28,(anonymous_1)
FN:41,(anonymous_2)
FN:50,(anonymous_3)
FN:54,(anonymous_4)
FN:79,(anonymous_5)
FN:84,(anonymous_6)
FNF:7
FNH:0
FNDA:0,(anonymous_0)
FNDA:0,(anonymous_1)
FNDA:0,(anonymous_2)
FNDA:0,(anonymous_3)
FNDA:0,(anonymous_4)
FNDA:0,(anonymous_5)
FNDA:0,(anonymous_6)
DA:1,0
DA:2,0
DA:3,0
DA:4,0
DA:5,0
DA:6,0
DA:7,0
DA:9,0
DA:11,0
DA:15,0
DA:28,0
DA:29,0
DA:30,0
DA:31,0
DA:32,0
DA:34,0
DA:35,0
DA:36,0
DA:38,0
DA:42,0
DA:43,0
DA:44,0
DA:45,0
DA:46,0
DA:51,0
DA:54,0
DA:55,0
DA:56,0
DA:57,0
DA:58,0
DA:79,0
DA:84,0
LF:32
LH:0
BRDA:30,0,0,0
BRDA:30,0,1,0
BRDA:34,1,0,0
BRDA:34,1,1,0
BRDA:43,2,0,0
BRDA:43,2,1,0
BRDA:63,3,0,0
BRDA:63,3,1,0
BRDA:64,4,0,0
BRDA:64,4,1,0
BRDA:67,5,0,0
BRDA:67,5,1,0
BRF:12
BRH:0
end_of_record
TN:
SF:/Users/plinio/node/bootcamp5/Meetapp/frontend/src/pages/signin/styles.js
FNF:0
FNH:0
DA:1,0
DA:3,0
DA:5,0
DA:15,0
DA:31,0
DA:35,0
DA:43,0
LF:7
LH:0
BRF:0
BRH:0
end_of_record
TN:
SF:/Users/plinio/node/bootcamp5/Meetapp/frontend/src/pages/signup/index.js
FN:13,(anonymous_0)
FN:28,(anonymous_1)
FN:55,(anonymous_2)
FN:71,(anonymous_3)
FN:75,(anonymous_4)
FN:111,(anonymous_5)
FN:117,(anonymous_6)
FNF:7
FNH:0
FNDA:0,(anonymous_0)
FNDA:0,(anonymous_1)
FNDA:0,(anonymous_2)
FNDA:0,(anonymous_3)
FNDA:0,(anonymous_4)
FNDA:0,(anonymous_5)
FNDA:0,(anonymous_6)
DA:1,0
DA:2,0
DA:3,0
DA:4,0
DA:5,0
DA:6,0
DA:7,0
DA:8,0
DA:9,0
DA:13,0
DA:28,0
DA:31,0
DA:32,0
DA:33,0
DA:34,0
DA:36,0
DA:37,0
DA:38,0
DA:40,0
DA:41,0
DA:42,0
DA:44,0
DA:45,0
DA:46,0
DA:48,0
DA:49,0
DA:50,0
DA:52,0
DA:56,0
DA:57,0
DA:58,0
DA:61,0
DA:62,0
DA:72,0
DA:75,0
DA:82,0
DA:83,0
DA:84,0
DA:90,0
DA:111,0
DA:117,0
LF:41
LH:0
BRDA:32,0,0,0
BRDA:32,0,1,0
BRDA:36,1,0,0
BRDA:36,1,1,0
BRDA:40,2,0,0
BRDA:40,2,1,0
BRDA:44,3,0,0
BRDA:44,3,1,0
BRDA:48,4,0,0
BRDA:48,4,1,0
BRDA:57,5,0,0
BRDA:57,5,1,0
BRDA:95,6,0,0
BRDA:95,6,1,0
BRDA:96,7,0,0
BRDA:96,7,1,0
BRDA:99,8,0,0
BRDA:99,8,1,0
BRF:18
BRH:0
end_of_record
TN:
SF:/Users/plinio/node/bootcamp5/Meetapp/frontend/src/pages/signup/styles.js
FNF:0
FNH:0
DA:1,0
DA:3,0
DA:5,0
DA:31,0
DA:35,0
DA:43,0
LF:6
LH:0
BRF:0
BRH:0
end_of_record
TN:
SF:/Users/plinio/node/bootcamp5/Meetapp/frontend/src/routes/history.js
FNF:0
FNH:0
DA:1,0
DA:3,0
LF:2
LH:0
BRF:0
BRH:0
end_of_record
TN:
SF:/Users/plinio/node/bootcamp5/Meetapp/frontend/src/routes/index.js
FN:16,(anonymous_0)
FN:19,(anonymous_1)
FN:29,(anonymous_2)
FN:39,(anonymous_3)
FN:50,(anonymous_4)
FNF:5
FNH:0
FNDA:0,(anonymous_0)
FNDA:0,(anonymous_1)
FNDA:0,(anonymous_2)
FNDA:0,(anonymous_3)
FNDA:0,(anonymous_4)
DA:1,0
DA:2,0
DA:3,0
DA:4,0
DA:5,0
DA:6,0
DA:7,0
DA:8,0
DA:9,0
DA:10,0
DA:11,0
DA:12,0
DA:14,0
DA:16,0
DA:19,0
DA:28,0
DA:33,0
DA:39,0
DA:40,0
DA:50,0
LF:20
LH:0
BRDA:20,0,0,0
BRDA:20,0,1,0
BRF:2
BRH:0
end_of_record
TN:
SF:/Users/plinio/node/bootcamp5/Meetapp/frontend/src/services/api.js
FN:8,(anonymous_0)
FNF:1
FNH:1
FNDA:20,(anonymous_0)
DA:4,4
DA:8,4
DA:9,20
DA:10,20
DA:12,0
DA:14,20
LF:6
LH:5
BRDA:10,0,0,0
BRDA:10,0,1,20
BRF:2
BRH:1
end_of_record
TN:
SF:/Users/plinio/node/bootcamp5/Meetapp/frontend/src/services/auth.js
FN:2,(anonymous_0)
FN:3,(anonymous_1)
FN:4,(anonymous_2)
FN:7,(anonymous_3)
FNF:4
FNH:1
FNDA:0,(anonymous_0)
FNDA:20,(anonymous_1)
FNDA:0,(anonymous_2)
FNDA:0,(anonymous_3)
DA:1,6
DA:2,6
DA:3,20
DA:4,6
DA:5,0
DA:7,6
DA:8,0
LF:7
LH:5
BRF:0
BRH:0
end_of_record
TN:
SF:/Users/plinio/node/bootcamp5/Meetapp/frontend/src/services/index.js
FNF:0
FNH:0
DA:1,0
LF:1
LH:0
BRF:0
BRH:0
end_of_record
TN:
SF:/Users/plinio/node/bootcamp5/Meetapp/frontend/src/store/index.js
FN:18,(anonymous_0)
FNF:1
FNH:0
FNDA:0,(anonymous_0)
DA:1,0
DA:2,0
DA:3,0
DA:4,0
DA:5,0
DA:6,0
DA:7,0
DA:8,0
DA:10,0
DA:12,0
DA:13,0
DA:15,0
DA:16,0
DA:18,0
DA:20,0
DA:25,0
DA:27,0
DA:35,0
DA:37,0
LF:19
LH:0
BRDA:12,0,0,0
BRDA:12,0,1,0
BRDA:18,1,0,0
BRDA:18,1,1,0
BRF:4
BRH:0
end_of_record
TN:
SF:/Users/plinio/node/bootcamp5/Meetapp/frontend/src/store/ducks/auth.js
FN:20,auth
FN:42,(anonymous_1)
FN:47,(anonymous_2)
FN:52,(anonymous_3)
FNF:4
FNH:4
FNDA:3,auth
FNDA:3,(anonymous_1)
FNDA:3,(anonymous_2)
FNDA:3,(anonymous_3)
DA:5,3
DA:14,3
DA:21,3
DA:23,1
DA:25,1
DA:27,1
DA:34,0
DA:41,3
DA:42,3
DA:47,3
DA:52,3
LF:11
LH:10
BRDA:20,0,0,0
BRDA:21,1,0,1
BRDA:21,1,1,1
BRDA:21,1,2,1
BRDA:21,1,3,0
BRF:5
BRH:3
end_of_record
TN:
SF:/Users/plinio/node/bootcamp5/Meetapp/frontend/src/store/ducks/index.js
FNF:0
FNH:0
DA:1,0
DA:2,0
DA:3,0
DA:5,0
DA:6,0
DA:7,0
DA:8,0
LF:7
LH:0
BRF:0
BRH:0
end_of_record
TN:
SF:/Users/plinio/node/bootcamp5/Meetapp/frontend/src/store/ducks/meetup.js
FN:23,meetup
FN:48,(anonymous_1)
FN:67,(anonymous_2)
FN:74,(anonymous_3)
FN:81,(anonymous_4)
FN:88,(anonymous_5)
FN:93,(anonymous_6)
FNF:7
FNH:7
FNDA:6,meetup
FNDA:1,(anonymous_1)
FNDA:1,(anonymous_2)
FNDA:1,(anonymous_3)
FNDA:1,(anonymous_4)
FNDA:9,(anonymous_5)
FNDA:9,(anonymous_6)
DA:5,2
DA:17,2
DA:24,6
DA:29,4
DA:31,1
DA:38,1
DA:40,0
DA:47,2
DA:55,1
DA:67,1
DA:74,1
DA:81,1
DA:88,9
DA:93,9
LF:14
LH:13
BRDA:23,0,0,0
BRDA:24,1,0,1
BRDA:24,1,1,2
BRDA:24,1,2,3
BRDA:24,1,3,4
BRDA:24,1,4,1
BRDA:24,1,5,1
BRDA:24,1,6,0
BRF:8
BRH:6
end_of_record
TN:
SF:/Users/plinio/node/bootcamp5/Meetapp/frontend/src/store/ducks/search.js
FN:33,search
FN:55,(anonymous_1)
FN:64,(anonymous_2)
FN:69,(anonymous_3)
FNF:4
FNH:4
FNDA:3,search
FNDA:5,(anonymous_1)
FNDA:3,(anonymous_2)
FNDA:3,(anonymous_3)
DA:5,3
DA:14,3
DA:34,3
DA:36,1
DA:38,1
DA:45,1
DA:47,0
DA:54,3
DA:55,5
DA:64,3
DA:69,3
LF:11
LH:10
BRDA:33,0,0,0
BRDA:34,1,0,1
BRDA:34,1,1,1
BRDA:34,1,2,1
BRDA:34,1,3,0
BRDA:58,2,0,3
BRDA:58,2,1,2
BRF:7
BRH:5
end_of_record
TN:
SF:/Users/plinio/node/bootcamp5/Meetapp/frontend/src/store/ducks/user.js
FN:24,user
FN:56,(anonymous_1)
FN:68,(anonymous_2)
FN:81,(anonymous_3)
FN:86,(anonymous_4)
FN:91,(anonymous_5)
FN:96,(anonymous_6)
FN:101,(anonymous_7)
FNF:8
FNH:8
FNDA:7,user
FNDA:1,(anonymous_1)
FNDA:1,(anonymous_2)
FNDA:1,(anonymous_3)
FNDA:1,(anonymous_4)
FNDA:7,(anonymous_5)
FNDA:3,(anonymous_6)
FNDA:7,(anonymous_7)
DA:5,2
DA:18,2
DA:25,7
DA:30,4
DA:32,1
DA:39,1
DA:46,1
DA:48,0
DA:55,2
DA:58,1
DA:70,1
DA:81,1
DA:86,1
DA:91,7
DA:96,3
DA:101,7
LF:16
LH:15
BRDA:24,0,0,0
BRDA:25,1,0,1
BRDA:25,1,1,2
BRDA:25,1,2,3
BRDA:25,1,3,4
BRDA:25,1,4,1
BRDA:25,1,5,1
BRDA:25,1,6,1
BRDA:25,1,7,0
BRF:9
BRH:7
end_of_record
TN:
SF:/Users/plinio/node/bootcamp5/Meetapp/frontend/src/store/sagas/auth.js
FN:7,signin
FNF:1
FNH:1
FNDA:2,signin
DA:8,2
DA:9,2
DA:10,2
DA:11,1
DA:12,1
DA:13,1
DA:14,1
DA:15,1
DA:16,1
DA:18,1
DA:19,1
LF:11
LH:11
BRDA:15,0,0,1
BRDA:15,0,1,0
BRF:2
BRH:1
end_of_record
TN:
SF:/Users/plinio/node/bootcamp5/Meetapp/frontend/src/store/sagas/index.js
FN:18,rootSaga
FNF:1
FNH:0
FNDA:0,rootSaga
DA:1,0
DA:2,0
DA:3,0
DA:5,0
DA:6,0
DA:8,0
DA:9,0
DA:13,0
DA:16,0
DA:20,0
DA:21,0
DA:22,0
DA:23,0
DA:24,0
DA:27,0
DA:28,0
DA:29,0
DA:30,0
DA:31,0
DA:33,0
LF:20
LH:0
BRF:0
BRH:0
end_of_record
TN:
SF:/Users/plinio/node/bootcamp5/Meetapp/frontend/src/store/sagas/meetup.js
FN:7,addMeetup
FN:20,getMeetup
FN:31,signUpMeetup
FN:44,signOffMeetup
FNF:4
FNH:4
FNDA:2,addMeetup
FNDA:2,getMeetup
FNDA:2,signUpMeetup
FNDA:2,signOffMeetup
DA:8,2
DA:9,2
DA:10,2
DA:11,1
DA:12,1
DA:13,1
DA:15,1
DA:16,1
DA:21,2
DA:22,2
DA:23,2
DA:24,1
DA:26,1
DA:27,1
DA:32,2
DA:33,2
DA:34,2
DA:35,1
DA:36,1
DA:37,1
DA:39,1
DA:40,1
DA:45,2
DA:46,2
DA:47,2
DA:48,1
DA:49,1
DA:50,1
DA:52,1
DA:53,1
LF:30
LH:30
BRF:0
BRH:0
end_of_record
TN:
SF:/Users/plinio/node/bootcamp5/Meetapp/frontend/src/store/sagas/search.js
FN:5,searchMeetups
FNF:1
FNH:1
FNDA:2,searchMeetups
DA:6,2
DA:7,2
DA:8,2
DA:9,2
DA:10,2
DA:14,1
DA:17,1
DA:18,1
DA:22,1
DA:25,1
DA:26,1
DA:30,1
DA:33,1
DA:35,1
DA:36,1
LF:15
LH:15
BRDA:9,0,0,2
BRDA:9,0,1,0
BRDA:9,1,0,2
BRDA:9,1,1,2
BRDA:17,2,0,1
BRDA:17,2,1,0
BRDA:17,3,0,1
BRDA:17,3,1,1
BRDA:25,4,0,1
BRDA:25,4,1,0
BRDA:25,5,0,1
BRDA:25,5,1,1
BRF:12
BRH:9
end_of_record
TN:
SF:/Users/plinio/node/bootcamp5/Meetapp/frontend/src/store/sagas/user.js
FN:8,addUser
FN:21,updateUser
FN:34,getUser
FN:46,changeStateUser
FNF:4
FNH:4
FNDA:2,addUser
FNDA:2,updateUser
FNDA:2,getUser
FNDA:1,changeStateUser
DA:9,2
DA:10,2
DA:11,2
DA:12,1
DA:13,1
DA:14,1
DA:16,1
DA:17,1
DA:22,2
DA:23,2
DA:24,2
DA:25,1
DA:26,1
DA:27,1
DA:29,1
DA:30,1
DA:35,2
DA:36,2
DA:37,2
DA:38,1
DA:39,1
DA:41,1
DA:42,1
DA:47,1
DA:48,1
DA:49,1
DA:51,0
DA:52,0
LF:28
LH:26
BRF:0
BRH:0
end_of_record
TN:
SF:/Users/plinio/node/bootcamp5/Meetapp/frontend/src/styles/colors.js
FNF:0
FNH:0
LF:0
LH:0
BRF:0
BRH:0
end_of_record
TN:
SF:/Users/plinio/node/bootcamp5/Meetapp/frontend/src/styles/global.js
FNF:0
FNH:0
DA:1,0
DA:3,0
DA:4,0
DA:6,0
LF:4
LH:0
BRF:0
BRH:0
end_of_record
TN:
SF:/Users/plinio/node/bootcamp5/Meetapp/frontend/src/styles/index.js
FNF:0
FNH:0
LF:0
LH:0
BRF:0
BRH:0
end_of_record
TN:
SF:/Users/plinio/node/bootcamp5/Meetapp/frontend/src/styles/metrics.js
FNF:0
FNH:0
DA:1,3
LF:1
LH:1
BRF:0
BRH:0
end_of_record
TN:
SF:/Users/plinio/node/bootcamp5/Meetapp/frontend/src/styles/toast.js
FNF:0
FNH:0
DA:1,0
DA:2,0
DA:4,0
LF:3
LH:0
BRF:0
BRH:0
end_of_record
